This is pdfTeX, Version 3.141592653-2.6-1.40.22 (TeX Live 2022/dev/Debian) (preloaded format=pdflatex 2023.12.13)  13 DEC 2023 22:56
entering extended mode
 restricted \write18 enabled.
 %&-line parsing enabled.
**main.tex
(./main.tex
LaTeX2e <2021-11-15> patch level 1
L3 programming layer <2022-01-21> (./coppe.cls
Document Class: coppe 2011/02/08\ v2.2\ COPPE Dissertations and Thesis
(/usr/share/texlive/texmf-dist/tex/latex/base/book.cls
Document Class: book 2021/10/04 v1.4n Standard LaTeX document class
(/usr/share/texlive/texmf-dist/tex/latex/base/bk12.clo
File: bk12.clo 2021/10/04 v1.4n Standard LaTeX file (size option)
)
\c@part=\count185
\c@chapter=\count186
\c@section=\count187
\c@subsection=\count188
\c@subsubsection=\count189
\c@paragraph=\count190
\c@subparagraph=\count191
\c@figure=\count192
\c@table=\count193
\abovecaptionskip=\skip47
\belowcaptionskip=\skip48
\bibindent=\dimen138
)
(/usr/share/texlive/texmf-dist/tex/latex/natbib/natbib.sty
Package: natbib 2010/09/13 8.31b (PWD, AO)
\bibhang=\skip49
\bibsep=\skip50
LaTeX Info: Redefining \cite on input line 694.
\c@NAT@ctr=\count194
) (./hyphenat.sty
Package: hyphenat 2009/09/02 v2.3c hyphenation utilities
\langwohyphens=\language10
LaTeX Info: Redefining \_ on input line 43.
)
(./lastpage.sty
Package: lastpage 2011/02/01 v1.2g Refers to last page's name (HMM; JPG)
) (/usr/share/texlive/texmf-dist/tex/generic/babel/babel.sty
Package: babel 2022/01/26 3.70 The Babel package
\babel@savecnt=\count195
\U@D=\dimen139
\l@unhyphenated=\language11

(/usr/share/texlive/texmf-dist/tex/generic/babel/txtbabel.def)
\bbl@readstream=\read2
\bbl@dirlevel=\count196

(/usr/share/texlive/texmf-dist/tex/generic/babel-english/english.ldf
Language: english 2017/06/06 v3.3r English support from the babel system
Package babel Info: Hyphen rules for 'canadian' set to \l@english
(babel)             (\language0). Reported on input line 102.
Package babel Info: Hyphen rules for 'australian' set to \l@ukenglish
(babel)             (\language7). Reported on input line 105.
Package babel Info: Hyphen rules for 'newzealand' set to \l@ukenglish
(babel)             (\language7). Reported on input line 108.
)
(/usr/share/texlive/texmf-dist/tex/generic/babel-portuges/brazil.ldf
Language: portuges 2021/07/09 v1.2t Portuguese support from the babel system
Package babel Info: Hyphen rules for 'brazil' set to \l@portuguese
(babel)             (\language6). Reported on input line 111.
Package babel Info: Making " an active character on input line 143.
))
(/usr/share/texlive/texmf-dist/tex/latex/base/ifthen.sty
Package: ifthen 2020/11/24 v1.1c Standard LaTeX ifthen package (DPC)
)
(/usr/share/texlive/texmf-dist/tex/latex/graphics/graphicx.sty
Package: graphicx 2021/09/16 v1.2d Enhanced LaTeX Graphics (DPC,SPQR)

(/usr/share/texlive/texmf-dist/tex/latex/graphics/keyval.sty
Package: keyval 2014/10/28 v1.15 key=value parser (DPC)
\KV@toks@=\toks16
)
(/usr/share/texlive/texmf-dist/tex/latex/graphics/graphics.sty
Package: graphics 2021/03/04 v1.4d Standard LaTeX Graphics (DPC,SPQR)

(/usr/share/texlive/texmf-dist/tex/latex/graphics/trig.sty
Package: trig 2021/08/11 v1.11 sin cos tan (DPC)
)
(/usr/share/texlive/texmf-dist/tex/latex/graphics-cfg/graphics.cfg
File: graphics.cfg 2016/06/04 v1.11 sample graphics configuration
)
Package graphics Info: Driver file: pdftex.def on input line 107.

(/usr/share/texlive/texmf-dist/tex/latex/graphics-def/pdftex.def
File: pdftex.def 2020/10/05 v1.2a Graphics/color driver for pdftex
))
\Gin@req@height=\dimen140
\Gin@req@width=\dimen141
)
(/usr/share/texlive/texmf-dist/tex/latex/setspace/setspace.sty
Package: setspace 2011/12/19 v6.7a set line spacing
)
(/usr/share/texlive/texmf-dist/tex/latex/tools/tabularx.sty
Package: tabularx 2020/01/15 v2.11c `tabularx' package (DPC)

(/usr/share/texlive/texmf-dist/tex/latex/tools/array.sty
Package: array 2021/10/04 v2.5f Tabular extension package (FMi)
\col@sep=\dimen142
\ar@mcellbox=\box50
\extrarowheight=\dimen143
\NC@list=\toks17
\extratabsurround=\skip51
\backup@length=\skip52
\ar@cellbox=\box51
)
\TX@col@width=\dimen144
\TX@old@table=\dimen145
\TX@old@col=\dimen146
\TX@target=\dimen147
\TX@delta=\dimen148
\TX@cols=\count197
\TX@ftn=\toks18
) (./eqparbox.sty
Package: eqparbox 2001/04/19 v1.00 Equal-widthed parboxes (SDP)
\eqp@tempdima=\skip53
\eqp@tempdimb=\skip54
\eqp@tempdimc=\skip55
)
(/usr/share/texlive/texmf-dist/tex/generic/ltxcmds/ltxcmds.sty
Package: ltxcmds 2020-05-10 v1.25 LaTeX kernel commands for general use (HO)
)
(/usr/share/texlive/texmf-dist/tex/latex/geometry/geometry.sty
Package: geometry 2020/01/02 v5.9 Page Geometry

(/usr/share/texlive/texmf-dist/tex/generic/iftex/ifvtex.sty
Package: ifvtex 2019/10/25 v1.7 ifvtex legacy package. Use iftex instead.

(/usr/share/texlive/texmf-dist/tex/generic/iftex/iftex.sty
Package: iftex 2020/03/06 v1.0d TeX engine tests
))
\Gm@cnth=\count198
\Gm@cntv=\count199
\c@Gm@tempcnt=\count266
\Gm@bindingoffset=\dimen149
\Gm@wd@mp=\dimen150
\Gm@odd@mp=\dimen151
\Gm@even@mp=\dimen152
\Gm@layoutwidth=\dimen153
\Gm@layoutheight=\dimen154
\Gm@layouthoffset=\dimen155
\Gm@layoutvoffset=\dimen156
\Gm@dimlist=\toks19
)
\@advisor=\count267
\@examiner=\count268
\c@keywords=\count269
\bibindent=\dimen157
)
(/usr/share/texlive/texmf-dist/tex/latex/base/inputenc.sty
Package: inputenc 2021/02/14 v1.3d Input encoding file
\inpenc@prehook=\toks20
\inpenc@posthook=\toks21
)
(/usr/share/texlive/texmf-dist/tex/latex/amsmath/amsmath.sty
Package: amsmath 2021/10/15 v2.17l AMS math features
\@mathmargin=\skip56

For additional information on amsmath, use the `?' option.
(/usr/share/texlive/texmf-dist/tex/latex/amsmath/amstext.sty
Package: amstext 2021/08/26 v2.01 AMS text

(/usr/share/texlive/texmf-dist/tex/latex/amsmath/amsgen.sty
File: amsgen.sty 1999/11/30 v2.0 generic functions
\@emptytoks=\toks22
\ex@=\dimen158
))
(/usr/share/texlive/texmf-dist/tex/latex/amsmath/amsbsy.sty
Package: amsbsy 1999/11/29 v1.2d Bold Symbols
\pmbraise@=\dimen159
)
(/usr/share/texlive/texmf-dist/tex/latex/amsmath/amsopn.sty
Package: amsopn 2021/08/26 v2.02 operator names
)
\inf@bad=\count270
LaTeX Info: Redefining \frac on input line 234.
\uproot@=\count271
\leftroot@=\count272
LaTeX Info: Redefining \overline on input line 399.
\classnum@=\count273
\DOTSCASE@=\count274
LaTeX Info: Redefining \ldots on input line 496.
LaTeX Info: Redefining \dots on input line 499.
LaTeX Info: Redefining \cdots on input line 620.
\Mathstrutbox@=\box52
\strutbox@=\box53
\big@size=\dimen160
LaTeX Font Info:    Redeclaring font encoding OML on input line 743.
LaTeX Font Info:    Redeclaring font encoding OMS on input line 744.
\macc@depth=\count275
\c@MaxMatrixCols=\count276
\dotsspace@=\muskip16
\c@parentequation=\count277
\dspbrk@lvl=\count278
\tag@help=\toks23
\row@=\count279
\column@=\count280
\maxfields@=\count281
\andhelp@=\toks24
\eqnshift@=\dimen161
\alignsep@=\dimen162
\tagshift@=\dimen163
\tagwidth@=\dimen164
\totwidth@=\dimen165
\lineht@=\dimen166
\@envbody=\toks25
\multlinegap=\skip57
\multlinetaggap=\skip58
\mathdisplay@stack=\toks26
LaTeX Info: Redefining \[ on input line 2938.
LaTeX Info: Redefining \] on input line 2939.
)
(/usr/share/texlive/texmf-dist/tex/latex/amsfonts/amssymb.sty
Package: amssymb 2013/01/14 v3.01 AMS font symbols

(/usr/share/texlive/texmf-dist/tex/latex/amsfonts/amsfonts.sty
Package: amsfonts 2013/01/14 v3.01 Basic AMSFonts support
\symAMSa=\mathgroup4
\symAMSb=\mathgroup5
LaTeX Font Info:    Redeclaring math symbol \hbar on input line 98.
LaTeX Font Info:    Overwriting math alphabet `\mathfrak' in version `bold'
(Font)                  U/euf/m/n --> U/euf/b/n on input line 106.
))
(/usr/share/texlive/texmf-dist/tex/latex/amscls/amsthm.sty
Package: amsthm 2020/05/29 v2.20.6
\thm@style=\toks27
\thm@bodyfont=\toks28
\thm@headfont=\toks29
\thm@notefont=\toks30
\thm@headpunct=\toks31
\thm@preskip=\skip59
\thm@postskip=\skip60
\thm@headsep=\skip61
\dth@everypar=\toks32
) (./epigraph.sty
Package: epigraph 2009/09/02 v1.5c typesetting epigraphs
\beforeepigraphskip=\skip62
\afterepigraphskip=\skip63
\epigraphwidth=\skip64
\epigraphrule=\skip65
)
(./stfloats.sty
Package: stfloats 1999/10/22
\@dblbotnum=\count282
\c@dblbotnumber=\count283
) (/usr/share/texlive/texmf-dist/tex/latex/hyperref/hyperref.sty
Package: hyperref 2021-06-07 v7.00m Hypertext links for LaTeX
(/usr/share/texlive/texmf-dist/tex/generic/pdftexcmds/pdftexcmds.sty
Package: pdftexcmds 2020-06-27 v0.33 Utility functions of pdfTeX for LuaTeX (HO
)

(/usr/share/texlive/texmf-dist/tex/generic/infwarerr/infwarerr.sty
Package: infwarerr 2019/12/03 v1.5 Providing info/warning/error messages (HO)
)
Package pdftexcmds Info: \pdf@primitive is available.
Package pdftexcmds Info: \pdf@ifprimitive is available.
Package pdftexcmds Info: \pdfdraftmode found.
)
(/usr/share/texlive/texmf-dist/tex/generic/kvsetkeys/kvsetkeys.sty
Package: kvsetkeys 2019/12/15 v1.18 Key value parser (HO)
)
(/usr/share/texlive/texmf-dist/tex/generic/kvdefinekeys/kvdefinekeys.sty
Package: kvdefinekeys 2019-12-19 v1.6 Define keys (HO)
)
(/usr/share/texlive/texmf-dist/tex/generic/pdfescape/pdfescape.sty
Package: pdfescape 2019/12/09 v1.15 Implements pdfTeX's escape features (HO)
)
(/usr/share/texlive/texmf-dist/tex/latex/hycolor/hycolor.sty
Package: hycolor 2020-01-27 v1.10 Color options for hyperref/bookmark (HO)
)
(/usr/share/texlive/texmf-dist/tex/latex/letltxmacro/letltxmacro.sty
Package: letltxmacro 2019/12/03 v1.6 Let assignment for LaTeX macros (HO)
)
(/usr/share/texlive/texmf-dist/tex/latex/auxhook/auxhook.sty
Package: auxhook 2019-12-17 v1.6 Hooks for auxiliary files (HO)
)
(/usr/share/texlive/texmf-dist/tex/latex/kvoptions/kvoptions.sty
Package: kvoptions 2020-10-07 v3.14 Key value format for package options (HO)
)
\@linkdim=\dimen167
\Hy@linkcounter=\count284
\Hy@pagecounter=\count285

(/usr/share/texlive/texmf-dist/tex/latex/hyperref/pd1enc.def
File: pd1enc.def 2021-06-07 v7.00m Hyperref: PDFDocEncoding definition (HO)
Now handling font encoding PD1 ...
... no UTF-8 mapping file for font encoding PD1
)
(/usr/share/texlive/texmf-dist/tex/latex/hyperref/hyperref-langpatches.def
File: hyperref-langpatches.def 2021-06-07 v7.00m Hyperref: patches for babel la
nguages
)
(/usr/share/texlive/texmf-dist/tex/generic/intcalc/intcalc.sty
Package: intcalc 2019/12/15 v1.3 Expandable calculations with integers (HO)
)
(/usr/share/texlive/texmf-dist/tex/generic/etexcmds/etexcmds.sty
Package: etexcmds 2019/12/15 v1.7 Avoid name clashes with e-TeX commands (HO)
)
\Hy@SavedSpaceFactor=\count286

(/usr/share/texlive/texmf-dist/tex/latex/hyperref/puenc.def
File: puenc.def 2021-06-07 v7.00m Hyperref: PDF Unicode definition (HO)
Now handling font encoding PU ...
... no UTF-8 mapping file for font encoding PU
)
Package hyperref Info: Hyper figures OFF on input line 4192.
Package hyperref Info: Link nesting OFF on input line 4197.
Package hyperref Info: Hyper index ON on input line 4200.
Package hyperref Info: Plain pages OFF on input line 4207.
Package hyperref Info: Backreferencing OFF on input line 4212.
Package hyperref Info: Implicit mode ON; LaTeX internals redefined.
Package hyperref Info: Bookmarks ON on input line 4445.
\c@Hy@tempcnt=\count287

(/usr/share/texlive/texmf-dist/tex/latex/url/url.sty
\Urlmuskip=\muskip17
Package: url 2013/09/16  ver 3.4  Verb mode for urls, etc.
)
LaTeX Info: Redefining \url on input line 4804.
\XeTeXLinkMargin=\dimen168

(/usr/share/texlive/texmf-dist/tex/generic/bitset/bitset.sty
Package: bitset 2019/12/09 v1.3 Handle bit-vector datatype (HO)

(/usr/share/texlive/texmf-dist/tex/generic/bigintcalc/bigintcalc.sty
Package: bigintcalc 2019/12/15 v1.5 Expandable calculations on big integers (HO
)
))
\Fld@menulength=\count288
\Field@Width=\dimen169
\Fld@charsize=\dimen170
Package hyperref Info: Hyper figures OFF on input line 6076.
Package hyperref Info: Link nesting OFF on input line 6081.
Package hyperref Info: Hyper index ON on input line 6084.
Package hyperref Info: backreferencing OFF on input line 6091.
Package hyperref Info: Link coloring OFF on input line 6096.
Package hyperref Info: Link coloring with OCG OFF on input line 6101.
Package hyperref Info: PDF/A mode OFF on input line 6106.
LaTeX Info: Redefining \ref on input line 6146.
LaTeX Info: Redefining \pageref on input line 6150.

(/usr/share/texlive/texmf-dist/tex/latex/base/atbegshi-ltx.sty
Package: atbegshi-ltx 2021/01/10 v1.0c Emulation of the original atbegshi
package with kernel methods
)
\Hy@abspage=\count289
\c@Item=\count290
\c@Hfootnote=\count291
)
Package hyperref Info: Driver (autodetected): hpdftex.

(/usr/share/texlive/texmf-dist/tex/latex/hyperref/hpdftex.def
File: hpdftex.def 2021-06-07 v7.00m Hyperref driver for pdfTeX

(/usr/share/texlive/texmf-dist/tex/latex/base/atveryend-ltx.sty
Package: atveryend-ltx 2020/08/19 v1.0a Emulation of the original atveryend pac
kage
with kernel methods
)
\Fld@listcount=\count292
\c@bookmark@seq@number=\count293

(/usr/share/texlive/texmf-dist/tex/latex/rerunfilecheck/rerunfilecheck.sty
Package: rerunfilecheck 2019/12/05 v1.9 Rerun checks for auxiliary files (HO)

(/usr/share/texlive/texmf-dist/tex/generic/uniquecounter/uniquecounter.sty
Package: uniquecounter 2019/12/15 v1.4 Provide unlimited unique counter (HO)
)
Package uniquecounter Info: New unique counter `rerunfilecheck' on input line 2
86.
)
\Hy@SectionHShift=\skip66
)
(./nomencl.sty
Package: nomencl 2021/11/10 v5.6 Nomenclature package
 (/usr/share/texlive/texmf-dist/tex/latex/xkeyval/xkeyval.sty
Package: xkeyval 2020/11/20 v2.8 package option processing (HA)

(/usr/share/texlive/texmf-dist/tex/generic/xkeyval/xkeyval.tex
(/usr/share/texlive/texmf-dist/tex/generic/xkeyval/xkvutils.tex
\XKV@toks=\toks33
\XKV@tempa@toks=\toks34
)
\XKV@depth=\count294
File: xkeyval.tex 2014/12/03 v2.7a key=value parser (HA)
))
(/usr/share/texlive/texmf-dist/tex/latex/koma-script/tocbasic.sty
Package: tocbasic 2021/11/13 v3.35 KOMA-Script package (handling toc-files)

(/usr/share/texlive/texmf-dist/tex/latex/koma-script/scrbase.sty
Package: scrbase 2021/11/13 v3.35 KOMA-Script package (KOMA-Script-independent 
basics and keyval usage)

(/usr/share/texlive/texmf-dist/tex/latex/koma-script/scrlfile.sty
Package: scrlfile 2021/11/13 v3.35 KOMA-Script package (file load hooks)

(/usr/share/texlive/texmf-dist/tex/latex/koma-script/scrlfile-hook.sty
Package: scrlfile-hook 2021/11/13 v3.35 KOMA-Script package (using LaTeX hooks)


(/usr/share/texlive/texmf-dist/tex/latex/koma-script/scrlogo.sty
Package: scrlogo 2021/11/13 v3.35 KOMA-Script package (logo)
)))
Applying: [2021/05/01] Usage of raw or classic option list on input line 252.
Already applied: [0000/00/00] Usage of raw or classic option list on input line
 368.
)
\scr@dte@tocline@numberwidth=\skip67
\scr@dte@tocline@numbox=\box54
)
Package tocbasic Info: setting babel extension for `nlo' on input line 187.
Package tocbasic Info: setting babel extension for `nls' on input line 188.
\nomlabelwidth=\dimen171
\nom@tempdim=\dimen172
\nomitemsep=\skip68
)
(/usr/share/texlive/texmf-dist/tex/latex/etoolbox/etoolbox.sty
Package: etoolbox 2020/10/05 v2.5k e-TeX tools for LaTeX (JAW)
\etb@tempcnta=\count295
)
(/usr/share/texlive/texmf-dist/tex/latex/caption/subcaption.sty
Package: subcaption 2020/10/07 v1.3j Sub-captions (AR)

(/usr/share/texlive/texmf-dist/tex/latex/caption/caption.sty
Package: caption 2020/10/26 v3.5g Customizing captions (AR)

(/usr/share/texlive/texmf-dist/tex/latex/caption/caption3.sty
Package: caption3 2020/10/21 v2.2e caption3 kernel (AR)
\captionmargin=\dimen173
\captionmargin@=\dimen174
\captionwidth=\dimen175
\caption@tempdima=\dimen176
\caption@indent=\dimen177
\caption@parindent=\dimen178
\caption@hangindent=\dimen179
Package caption Info: Standard document class detected.
)
\c@caption@flags=\count296
\c@continuedfloat=\count297
Package caption Info: hyperref package is loaded.
)
\c@subfigure=\count298
\c@subtable=\count299
)
(/usr/share/texlive/texmf-dist/tex/latex/pdfpages/pdfpages.sty
Package: pdfpages 2022/01/29 v0.5u Insert pages of external PDF documents (AM)

(/usr/share/texlive/texmf-dist/tex/latex/tools/calc.sty
Package: calc 2017/05/25 v4.3 Infix arithmetic (KKT,FJ)
\calc@Acount=\count300
\calc@Bcount=\count301
\calc@Adimen=\dimen180
\calc@Bdimen=\dimen181
\calc@Askip=\skip69
\calc@Bskip=\skip70
LaTeX Info: Redefining \setlength on input line 80.
LaTeX Info: Redefining \addtolength on input line 81.
\calc@Ccount=\count302
\calc@Cskip=\skip71
)
(/usr/share/texlive/texmf-dist/tex/latex/eso-pic/eso-pic.sty
Package: eso-pic 2020/10/14 v3.0a eso-pic (RN)
\ESO@tempdima=\dimen182
\ESO@tempdimb=\dimen183

(/usr/share/texlive/texmf-dist/tex/latex/xcolor/xcolor.sty
Package: xcolor 2021/10/31 v2.13 LaTeX color extensions (UK)

(/usr/share/texlive/texmf-dist/tex/latex/graphics-cfg/color.cfg
File: color.cfg 2016/01/02 v1.6 sample color configuration
)
Package xcolor Info: Driver file: pdftex.def on input line 227.
Package xcolor Info: Model `cmy' substituted by `cmy0' on input line 1352.
Package xcolor Info: Model `hsb' substituted by `rgb' on input line 1356.
Package xcolor Info: Model `RGB' extended on input line 1368.
Package xcolor Info: Model `HTML' substituted by `rgb' on input line 1370.
Package xcolor Info: Model `Hsb' substituted by `hsb' on input line 1371.
Package xcolor Info: Model `tHsb' substituted by `hsb' on input line 1372.
Package xcolor Info: Model `HSB' substituted by `hsb' on input line 1373.
Package xcolor Info: Model `Gray' substituted by `gray' on input line 1374.
Package xcolor Info: Model `wave' substituted by `hsb' on input line 1375.
))
\AM@pagewidth=\dimen184
\AM@pageheight=\dimen185
\AM@fboxrule=\dimen186

(/usr/share/texlive/texmf-dist/tex/latex/pdfpages/pppdftex.def
File: pppdftex.def 2022/01/29 v0.5u Pdfpages driver for pdfTeX (AM)
)
\pdfpages@includegraphics@status=\count303
\AM@pagebox=\box55
\AM@global@opts=\toks35
\AM@pagecnt=\count304
\AM@toc@title=\toks36
\c@AM@survey=\count305
\AM@templatesizebox=\box56
)
(/usr/share/texlive/texmf-dist/tex/latex/listings/listings.sty
\lst@mode=\count306
\lst@gtempboxa=\box57
\lst@token=\toks37
\lst@length=\count307
\lst@currlwidth=\dimen187
\lst@column=\count308
\lst@pos=\count309
\lst@lostspace=\dimen188
\lst@width=\dimen189
\lst@newlines=\count310
\lst@lineno=\count311
\lst@maxwidth=\dimen190

(/usr/share/texlive/texmf-dist/tex/latex/listings/lstmisc.sty
File: lstmisc.sty 2020/03/24 1.8d (Carsten Heinz)
\c@lstnumber=\count312
\lst@skipnumbers=\count313
\lst@framebox=\box58
)
(/usr/share/texlive/texmf-dist/tex/latex/listings/listings.cfg
File: listings.cfg 2020/03/24 1.8d listings configuration
))
Package: listings 2020/03/24 1.8d (Carsten Heinz)

(./multirow.sty
Package: multirow 2021/03/15 v2.8 Span multiple rows of a table
\multirow@colwidth=\skip72
\multirow@cntb=\count314
\multirow@dima=\skip73
\bigstrutjot=\dimen191
) (/usr/share/texlive/texmf-dist/tex/latex/booktabs/booktabs.sty
Package: booktabs 2020/01/12 v1.61803398 Publication quality tables
\heavyrulewidth=\dimen192
\lightrulewidth=\dimen193
\cmidrulewidth=\dimen194
\belowrulesep=\dimen195
\belowbottomsep=\dimen196
\aboverulesep=\dimen197
\abovetopsep=\dimen198
\cmidrulesep=\dimen199
\cmidrulekern=\dimen256
\defaultaddspace=\dimen257
\@cmidla=\count315
\@cmidlb=\count316
\@aboverulesep=\dimen258
\@belowrulesep=\dimen259
\@thisruleclass=\count317
\@lastruleclass=\count318
\@thisrulewidth=\dimen260
)
\c@definition=\count319
\@losfile=\write3
\openout3 = `main.syx'.


Writing index of symbols file main.syx
\@labfile=\write4
\openout4 = `main.abx'.

Writing index of abbreviations file main.abx
\@nomenclaturefile=\write5
\openout5 = `main.nlo'.

Package nomencl Info: Writing nomenclature file main.nlo on input line 35.
(/usr/share/texlive/texmf-dist/tex/latex/l3backend/l3backend-pdftex.def
File: l3backend-pdftex.def 2022-01-12 L3 backend support: PDF output (pdfTeX)
\l__color_backend_stack_int=\count320
\l__pdf_internal_box=\box59
)
(./main.aux (./dedic.aux) (./thanks.aux) (./resumo.aux) (./abstract.aux)
(./chap01.aux) (./chap02.aux) (./chap03.aux) (./chap04.aux

LaTeX Warning: Label `eq3' multiply defined.

) (./chap05.aux) (./chap06.aux))
\openout1 = `main.aux'.

LaTeX Font Info:    Checking defaults for OML/cmm/m/it on input line 37.
LaTeX Font Info:    ... okay on input line 37.
LaTeX Font Info:    Checking defaults for OMS/cmsy/m/n on input line 37.
LaTeX Font Info:    ... okay on input line 37.
LaTeX Font Info:    Checking defaults for OT1/cmr/m/n on input line 37.
LaTeX Font Info:    ... okay on input line 37.
LaTeX Font Info:    Checking defaults for T1/cmr/m/n on input line 37.
LaTeX Font Info:    ... okay on input line 37.
LaTeX Font Info:    Checking defaults for TS1/cmr/m/n on input line 37.
LaTeX Font Info:    ... okay on input line 37.
LaTeX Font Info:    Checking defaults for OMX/cmex/m/n on input line 37.
LaTeX Font Info:    ... okay on input line 37.
LaTeX Font Info:    Checking defaults for U/cmr/m/n on input line 37.
LaTeX Font Info:    ... okay on input line 37.
LaTeX Font Info:    Checking defaults for PD1/pdf/m/n on input line 37.
LaTeX Font Info:    ... okay on input line 37.
LaTeX Font Info:    Checking defaults for PU/pdf/m/n on input line 37.
LaTeX Font Info:    ... okay on input line 37.
Package lastpage Info: Please have a look at the pagesLTS package at
(lastpage)             http://www.ctan.org/tex-archive/ 
(lastpage)             macros/latex/contrib/pagesLTS/ 
(lastpage)             or
(lastpage)             http://www.ctan.org/tex-archive/ 
(lastpage)             install/macros/latex/contrib/pagesLTS.tds.zip
(lastpage)             ! on input line 37.

(/usr/share/texlive/texmf-dist/tex/context/base/mkii/supp-pdf.mkii
[Loading MPS to PDF converter (version 2006.09.02).]
\scratchcounter=\count321
\scratchdimen=\dimen261
\scratchbox=\box60
\nofMPsegments=\count322
\nofMParguments=\count323
\everyMPshowfont=\toks38
\MPscratchCnt=\count324
\MPscratchDim=\dimen262
\MPnumerator=\count325
\makeMPintoPDFobject=\count326
\everyMPtoPDFconversion=\toks39
) (/usr/share/texlive/texmf-dist/tex/latex/epstopdf-pkg/epstopdf-base.sty
Package: epstopdf-base 2020-01-24 v2.11 Base part for package epstopdf
Package epstopdf-base Info: Redefining graphics rule for `.eps' on input line 4
85.

(/usr/share/texlive/texmf-dist/tex/latex/latexconfig/epstopdf-sys.cfg
File: epstopdf-sys.cfg 2010/07/13 v1.3 Configuration of (r)epstopdf for TeX Liv
e
))
*geometry* driver: auto-detecting
*geometry* detected driver: pdftex
*geometry* verbose mode - [ preamble ] result:
* driver: pdftex
* paper: a4paper
* layout: <same size as paper>
* layoutoffset:(h,v)=(0.0pt,0.0pt)
* vratio: 1:1
* modes: 
* h-part:(L,W,R)=(85.35826pt, 426.79135pt, 85.35826pt)
* v-part:(T,H,B)=(71.13188pt, 702.78308pt, 71.13188pt)
* \paperwidth=597.50787pt
* \paperheight=845.04684pt
* \textwidth=426.79135pt
* \textheight=702.78308pt
* \oddsidemargin=13.08827pt
* \evensidemargin=13.08827pt
* \topmargin=-33.0119pt
* \headheight=12.0pt
* \headsep=19.8738pt
* \topskip=12.0pt
* \footskip=30.0pt
* \marginparwidth=38.0pt
* \marginparsep=7.0pt
* \columnsep=10.0pt
* \skip\footins=10.8pt plus 4.0pt minus 2.0pt
* \hoffset=0.0pt
* \voffset=0.0pt
* \mag=1000
* \@twocolumnfalse
* \@twosidefalse
* \@mparswitchfalse
* \@reversemarginfalse
* (1in=72.27pt=25.4mm, 1cm=28.453pt)

Package hyperref Info: Link coloring OFF on input line 37.
(/usr/share/texlive/texmf-dist/tex/latex/hyperref/nameref.sty
Package: nameref 2021-04-02 v2.47 Cross-referencing by name of section

(/usr/share/texlive/texmf-dist/tex/latex/refcount/refcount.sty
Package: refcount 2019/12/15 v3.6 Data extraction from label references (HO)
)
(/usr/share/texlive/texmf-dist/tex/generic/gettitlestring/gettitlestring.sty
Package: gettitlestring 2019/12/15 v1.6 Cleanup title references (HO)
)
\c@section@level=\count327
)
LaTeX Info: Redefining \ref on input line 37.
LaTeX Info: Redefining \pageref on input line 37.
LaTeX Info: Redefining \nameref on input line 37.

(./main.out) (./main.out)
\@outlinefile=\write6
\openout6 = `main.out'.

Package caption Info: Begin \AtBeginDocument code.
Package caption Info: listings package is loaded.
Package caption Info: End \AtBeginDocument code.

(/usr/share/texlive/texmf-dist/tex/latex/pdflscape/pdflscape.sty
Package: pdflscape 2019/12/05 v0.12 Display of landscape pages in PDF (HO)

(/usr/share/texlive/texmf-dist/tex/latex/graphics/lscape.sty
Package: lscape 2020/05/28 v3.02 Landscape Pages (DPC)
)
Package pdflscape Info: Auto-detected driver: pdftex on input line 81.
)
\c@lstlisting=\count328
Package hyperref Info: Option `breaklinks' set `true' on input line 59.
Package hyperref Info: Option `raiselinks' set `true' on input line 59.
Package hyperref Info: Option `pageanchor' set `true' on input line 59.
<ufop.png, id=293, 1606.0pt x 695.59875pt>
File: ufop.png Graphic file (type png)
<use ufop.png>
Package pdftex.def Info: ufop.png  used on input line 59.
(pdftex.def)             Requested size: 170.71393pt x 73.9369pt.
<decom.png, id=294, 444.91219pt x 344.78813pt>
File: decom.png Graphic file (type png)
<use decom.png>
Package pdftex.def Info: decom.png  used on input line 59.
(pdftex.def)             Requested size: 128.0387pt x 99.22314pt.

(/usr/share/texlive/texmf-dist/tex/latex/amsfonts/umsa.fd)
(/usr/share/texlive/texmf-dist/tex/latex/amsfonts/umsb.fd) [1


{/var/lib/texmf/fonts/map/pdftex/updmap/pdftex.map} <./ufop.png> <./decom.png>]
pdfTeX warning (ext4): destination with the same identifier (name{page.}) has b
een already used, duplicate ignored
<to be read again> 
                   \relax 
l.59 
      [2]
File: ufop.png Graphic file (type png)
<use ufop.png>
Package pdftex.def Info: ufop.png  used on input line 59.
(pdftex.def)             Requested size: 170.71393pt x 73.9369pt.
File: decom.png Graphic file (type png)
<use decom.png>
Package pdftex.def Info: decom.png  used on input line 59.
(pdftex.def)             Requested size: 128.0387pt x 99.22314pt.
pdfTeX warning (ext4): destination with the same identifier (name{page.}) has b
een already used, duplicate ignored
<to be read again> 
                   \relax 
l.59 
      [2

]pdfTeX warning (ext4): destination with the same identifier (name{page.}) has 
been already used, duplicate ignored
<to be read again> 
                   \relax 
l.59 
      [1]
\openout2 = `dedic.aux'.

 (./dedic.tex)pdfTeX warning (ext4): destination with the same identifier (name
{page.}) has been already used, duplicate ignored
<to be read again> 
                   \relax 
l.60   \include{dedic}
                       [1


]
\openout2 = `thanks.aux'.

 (./thanks.tex)pdfTeX warning (ext4): destination with the same identifier (nam
e{page.}) has been already used, duplicate ignored
<to be read again> 
                   \relax 
l.61   \include{thanks}
                        [2




]
\openout2 = `resumo.aux'.

 (./resumo.tex)pdfTeX warning (ext4): destination with the same identifier (nam
e{page.}) has been already used, duplicate ignored
<to be read again> 
                   \relax 
l.62   \include{resumo}
                        [3




]
\openout2 = `abstract.aux'.

 (./abstract.tex)pdfTeX warning (ext4): destination with the same identifier (n
ame{page.}) has been already used, duplicate ignored
<to be read again> 
                   \relax 
l.63   \include{abstract}
                          [4




] (./main.tocpdfTeX warning (ext4): destination with the same identifier (name{
page.}) has been already used, duplicate ignored
<to be read again> 
                   \relax 
l.32 ...ards environmental studies}{39}{chapter.4}
                                                  % [5



]pdfTeX warning (ext4): destination with the same identifier (name{page.}) has 
been already used, duplicate ignored
<to be read again> 
                   \relax 
l.112 ....3.1}Requirements}{143}{subsection.5.3.1}
                                                  % [6])
\tf@toc=\write7
\openout7 = `main.toc'.

pdfTeX warning (ext4): destination with the same identifier (name{page.}) has b
een already used, duplicate ignored
<to be read again> 
                   \relax 
l.68   \listoffigures
                      [7] (./main.lofpdfTeX warning (ext4): destination with th
e same identifier (name{page.}) has been already used, duplicate ignored
<to be read again> 
                   \relax 
l.24 ...d Rounds. \relax }}{48}{figure.caption.30}
                                                  % [8

]pdfTeX warning (ext4): destination with the same identifier (name{page.}) has 
been already used, duplicate ignored
<to be read again> 
                   \relax 
l.50 ... function.\relax }}{67}{figure.caption.62}
                                                  % [9]pdfTeX warning (ext4): d
estination with the same identifier (name{page.}) has been already used, duplic
ate ignored
<to be read again> 
                   \relax 
l.78 ...s Example\relax }}{93}{figure.caption.108}
                                                  % [10]pdfTeX warning (ext4): 
destination with the same identifier (name{page.}) has been already used, dupli
cate ignored
<to be read again> 
                   \relax 
l.113 ...tecture\relax }}{130}{figure.caption.157}
                                                  % [11])
\tf@lof=\write8
\openout8 = `main.lof'.

pdfTeX warning (ext4): destination with the same identifier (name{page.}) has b
een already used, duplicate ignored
<to be read again> 
                   \relax 
l.69   \listoftables
                     [12] (./main.lot)
\tf@lot=\write9
\openout9 = `main.lot'.


No file main.los.
(./main.nlspdfTeX warning (ext4): destination with the same identifier (name{pa
ge.}) has been already used, duplicate ignored
<to be read again> 
                   \relax 
l.2 \begin{thenomenclature}
                            [13

]pdfTeX warning (ext4): destination with the same identifier (name{page.}) has 
been already used, duplicate ignored
<to be read again> 
                   \relax 
l.26   \item [{MEC}]
                    \begingroup Mobile Edge Computing\nomeqref {2.0}\nompage...
[14

])pdfTeX warning (ext4): destination with the same identifier (name{page.}) has
 been already used, duplicate ignored
<to be read again> 
                   \relax 
l.73   \mainmatter
                   [15]
\openout2 = `chap01.aux'.

 (./chap01.tex
Chapter 1.
[1



] [2] [3] [4]
<Figures/AI-ML-DL.png, id=880, 603.25375pt x 282.05376pt>
File: Figures/AI-ML-DL.png Graphic file (type png)
<use Figures/AI-ML-DL.png>
Package pdftex.def Info: Figures/AI-ML-DL.png  used on input line 103.
(pdftex.def)             Requested size: 298.75264pt x 139.67943pt.
 [5 <./Figures/AI-ML-DL.png>]
<Figures/stakeholder-eco.png, id=899, 1354.05875pt x 1047.915pt>
File: Figures/stakeholder-eco.png Graphic file (type png)
<use Figures/stakeholder-eco.png>
Package pdftex.def Info: Figures/stakeholder-eco.png  used on input line 118.
(pdftex.def)             Requested size: 426.79135pt x 330.28685pt.
 [6 <./Figures/stakeholder-eco.png>]
<Figures/stakeholder-health.png, id=909, 1378.14874pt x 1210.5225pt>
File: Figures/stakeholder-health.png Graphic file (type png)
<use Figures/stakeholder-health.png>
Package pdftex.def Info: Figures/stakeholder-health.png  used on input line 127
.
(pdftex.def)             Requested size: 426.79135pt x 374.87021pt.
 [7 <./Figures/stakeholder-health.png>] [8] [9]
Overfull \hbox (3.68486pt too wide) in paragraph at lines 217--218
\OT1/cmr/m/n/12 IEEE 46th An-nual Com-put-ers, Soft-ware, and Ap-pli-ca-tions C
on-fer-ence (COMP-
 []

[10]
Overfull \hbox (17.3361pt too wide) in paragraph at lines 231--232
\OT1/cmr/m/n/12 ings of the XI Brazil-ian Sym-po-sium on Com-put-ing Sys-tems E
n-gi-neer-ing (SBESC))
 []


Overfull \hbox (1.98691pt too wide) in paragraph at lines 248--249
[]\OT1/cmr/m/n/12 ESCUDO FA-CIAL PARA PROTE[][]AO CON-TRA O COVID-19 E DOEN[]AS

 []

[11])
\openout2 = `chap02.aux'.

 (./chap02.tex
Chapter 2.
[12





] [13]
<Figures/organization.png, id=1035, 814.04124pt x 662.475pt>
File: Figures/organization.png Graphic file (type png)
<use Figures/organization.png>
Package pdftex.def Info: Figures/organization.png  used on input line 66.
(pdftex.def)             Requested size: 256.07741pt x 208.39769pt.
 [14 <./Figures/organization.png>] [15] [16] [17]
Overfull \hbox (1.67401pt too wide) in paragraph at lines 270--271
[]\OT1/cmr/m/n/12 The ar-ti-cle \OT1/cmr/m/it/12 Edge Com-put-ing AI-IoT In-te-
grated Energy-Efficient In-tel-li-gent Trans-
 []

[18] [19] [20] [21]
Overfull \hbox (18.9373pt too wide) in paragraph at lines 582--583
[]\OT1/cmr/m/n/12 The re-searchers re-spon-si-ble for \OT1/cmr/m/it/12 Wear-abl
e IoT Smart-Log Patch: An Edge Computing-
 []

[22]
<Figures/appl-year.png, id=1178, 677.53125pt x 419.5675pt>
File: Figures/appl-year.png Graphic file (type png)
<use Figures/appl-year.png>
Package pdftex.def Info: Figures/appl-year.png  used on input line 654.
(pdftex.def)             Requested size: 341.43437pt x 211.44136pt.


LaTeX Warning: `!h' float specifier changed to `!ht'.

[23]
<Figures/edge-classification.png, id=1190, 811.03pt x 442.65375pt>
File: Figures/edge-classification.png Graphic file (type png)
<use Figures/edge-classification.png>
Package pdftex.def Info: Figures/edge-classification.png  used on input line 66
5.
(pdftex.def)             Requested size: 426.79135pt x 232.94379pt.
 [24 <./Figures/appl-year.png> <./Figures/edge-classification.png>]
<Figures/location-ai.png, id=1199, 811.03pt x 442.65375pt>
File: Figures/location-ai.png Graphic file (type png)
<use Figures/location-ai.png>
Package pdftex.def Info: Figures/location-ai.png  used on input line 674.
(pdftex.def)             Requested size: 426.79135pt x 232.94379pt.
<Figures/ai-models.png, id=1201, 659.46375pt x 410.53375pt>
File: Figures/ai-models.png Graphic file (type png)
<use Figures/ai-models.png>
Package pdftex.def Info: Figures/ai-models.png  used on input line 683.
(pdftex.def)             Requested size: 341.43437pt x 212.55794pt.


LaTeX Warning: `!h' float specifier changed to `!ht'.

[25 <./Figures/location-ai.png>] [26 <./Figures/ai-models.png>]
<Figures/taxonomy.png, id=1223, 1277.77374pt x 1297.84875pt>
File: Figures/taxonomy.png Graphic file (type png)
<use Figures/taxonomy.png>
Package pdftex.def Info: Figures/taxonomy.png  used on input line 718.
(pdftex.def)             Requested size: 426.79135pt x 433.49976pt.
 [27] [28 <./Figures/taxonomy.png>] [29]
Overfull \hbox (0.2732pt too wide) in paragraph at lines 832--833
\OT1/cmr/m/n/12 in pa-pers from the lit-er-a-ture. The works can be-long to thr
ee edge do-mains: cloudlets,
 []

[30])
\openout2 = `chap03.aux'.

 (./chap03.tex
Chapter 3.
<Figures/design_diagram.png, id=1323, 444.7014pt x 780.7569pt>
File: Figures/design_diagram.png Graphic file (type png)
<use Figures/design_diagram.png>
Package pdftex.def Info: Figures/design_diagram.png  used on input line 10.
(pdftex.def)             Requested size: 213.39568pt x 374.66374pt.
[31





 <./Figures/design_diagram.png>] [32] [33] [34] [35]
<Figures/codesign-1.0.png, id=1387, 382.42876pt x 869.2475pt>
File: Figures/codesign-1.0.png Graphic file (type png)
<use Figures/codesign-1.0.png>
Package pdftex.def Info: Figures/codesign-1.0.png  used on input line 116.
(pdftex.def)             Requested size: 162.1777pt x 368.62285pt.
<Figures/codesign-2.0.png, id=1388, 382.42876pt x 869.2475pt>
File: Figures/codesign-2.0.png Graphic file (type png)
<use Figures/codesign-2.0.png>
Package pdftex.def Info: Figures/codesign-2.0.png  used on input line 123.
(pdftex.def)             Requested size: 170.71393pt x 388.02754pt.
 [36] [37 <./Figures/codesign-1.0.png> <./Figures/codesign-2.0.png>] [38])
\openout2 = `chap04.aux'.

 (./chap04.tex
Chapter 4.
<Figures/simplified-codesign.png, id=1419, 603.25375pt x 241.90375pt>
File: Figures/simplified-codesign.png Graphic file (type png)
<use Figures/simplified-codesign.png>
Package pdftex.def Info: Figures/simplified-codesign.png  used on input line 25
.
(pdftex.def)             Requested size: 341.43437pt x 136.9121pt.
[39





]
<Figures/method-overview.png, id=1429, 1105.12875pt x 743.77875pt>
File: Figures/method-overview.png Graphic file (type png)
<use Figures/method-overview.png>
Package pdftex.def Info: Figures/method-overview.png  used on input line 45.
(pdftex.def)             Requested size: 341.43437pt x 229.78593pt.
 [40 <./Figures/simplified-codesign.png> <./Figures/method-overview.png>]
[41] [42]
<Figures/leaf_pdf.png, id=1473, 583.17876pt x 424.58624pt>
File: Figures/leaf_pdf.png Graphic file (type png)
<use Figures/leaf_pdf.png>
Package pdftex.def Info: Figures/leaf_pdf.png  used on input line 125.
(pdftex.def)             Requested size: 234.73654pt x 170.90047pt.


LaTeX Warning: `!h' float specifier changed to `!ht'.

<Figures/artificial-damage.png, id=1474, 479.7925pt x 297.11pt>
File: Figures/artificial-damage.png Graphic file (type png)
<use Figures/artificial-damage.png>
Package pdftex.def Info: Figures/artificial-damage.png  used on input line 132.

(pdftex.def)             Requested size: 192.0548pt x 118.92802pt.

LaTeX Warning: `!h' float specifier changed to `!ht'.

[43] [44 <./Figures/leaf_pdf.png> <./Figures/artificial-damage.png>] [45]
[46]

LaTeX Warning: `!h' float specifier changed to `!ht'.

<Figures/v1-val-dmgdst.png, id=1527, 501.875pt x 501.875pt>
File: Figures/v1-val-dmgdst.png Graphic file (type png)
<use Figures/v1-val-dmgdst.png>
Package pdftex.def Info: Figures/v1-val-dmgdst.png  used on input line 227.
(pdftex.def)             Requested size: 192.0548pt x 192.05463pt.
<Figures/v2-val-dmgdst.png, id=1528, 501.875pt x 501.875pt>
File: Figures/v2-val-dmgdst.png Graphic file (type png)
<use Figures/v2-val-dmgdst.png>
Package pdftex.def Info: Figures/v2-val-dmgdst.png  used on input line 228.
(pdftex.def)             Requested size: 192.0548pt x 192.05463pt.

LaTeX Warning: `!h' float specifier changed to `!ht'.

[47]
<Figures/v1-val-estm.png, id=1540, 501.875pt x 501.875pt>
File: Figures/v1-val-estm.png Graphic file (type png)
<use Figures/v1-val-estm.png>
Package pdftex.def Info: Figures/v1-val-estm.png  used on input line 239.
(pdftex.def)             Requested size: 192.0548pt x 192.05463pt.
<Figures/v2-val-estm.png, id=1541, 501.875pt x 501.875pt>
File: Figures/v2-val-estm.png Graphic file (type png)
<use Figures/v2-val-estm.png>
Package pdftex.def Info: Figures/v2-val-estm.png  used on input line 240.
(pdftex.def)             Requested size: 192.0548pt x 192.05463pt.


LaTeX Warning: `!h' float specifier changed to `!ht'.

<Figures/v1-tst-dmgdst.png, id=1542, 501.875pt x 501.875pt>
File: Figures/v1-tst-dmgdst.png Graphic file (type png)
<use Figures/v1-tst-dmgdst.png>
Package pdftex.def Info: Figures/v1-tst-dmgdst.png  used on input line 247.
(pdftex.def)             Requested size: 192.0548pt x 192.05463pt.
<Figures/v2-tst-dmgdst.png, id=1543, 501.875pt x 501.875pt>
File: Figures/v2-tst-dmgdst.png Graphic file (type png)
<use Figures/v2-tst-dmgdst.png>
Package pdftex.def Info: Figures/v2-tst-dmgdst.png  used on input line 248.
(pdftex.def)             Requested size: 192.0548pt x 192.05463pt.

LaTeX Warning: `!h' float specifier changed to `!ht'.

<Figures/v1-tst-estm.png, id=1545, 501.875pt x 501.875pt>
File: Figures/v1-tst-estm.png Graphic file (type png)
<use Figures/v1-tst-estm.png>
Package pdftex.def Info: Figures/v1-tst-estm.png  used on input line 258.
(pdftex.def)             Requested size: 192.0548pt x 192.05463pt.
<Figures/v2-tst-estm.png, id=1546, 501.875pt x 501.875pt>
File: Figures/v2-tst-estm.png Graphic file (type png)
<use Figures/v2-tst-estm.png>
Package pdftex.def Info: Figures/v2-tst-estm.png  used on input line 259.
(pdftex.def)             Requested size: 192.0548pt x 192.05463pt.

LaTeX Warning: `!h' float specifier changed to `!ht'.

[48 <./Figures/v1-val-dmgdst.png> <./Figures/v2-val-dmgdst.png>]
<Figures/v1-mew2012-estm.png, id=1555, 501.875pt x 501.875pt>
File: Figures/v1-mew2012-estm.png Graphic file (type png)
<use Figures/v1-mew2012-estm.png>
Package pdftex.def Info: Figures/v1-mew2012-estm.png  used on input line 272.
(pdftex.def)             Requested size: 192.0548pt x 192.05463pt.
<Figures/v2-mew2012-estm.png, id=1556, 501.875pt x 501.875pt>
File: Figures/v2-mew2012-estm.png Graphic file (type png)
<use Figures/v2-mew2012-estm.png>
Package pdftex.def Info: Figures/v2-mew2012-estm.png  used on input line 273.
(pdftex.def)             Requested size: 192.0548pt x 192.05463pt.


LaTeX Warning: `!h' float specifier changed to `!ht'.

[49 <./Figures/v1-val-estm.png (PNG copy)> <./Figures/v2-val-estm.png (PNG copy
)> <./Figures/v1-tst-dmgdst.png> <./Figures/v2-tst-dmgdst.png>] [50 <./Figures/
v1-tst-estm.png (PNG copy)> <./Figures/v2-tst-estm.png (PNG copy)> <./Figures/v
1-mew2012-estm.png (PNG copy)> <./Figures/v2-mew2012-estm.png (PNG copy)>]
<Figures/v1-val-dicedst-d.png, id=1576, 501.875pt x 250.9375pt>
File: Figures/v1-val-dicedst-d.png Graphic file (type png)
<use Figures/v1-val-dicedst-d.png>
Package pdftex.def Info: Figures/v1-val-dicedst-d.png  used on input line 289.
(pdftex.def)             Requested size: 277.41176pt x 138.71292pt.
<Figures/v1-val-dicedst-r.png, id=1577, 501.875pt x 250.9375pt>
File: Figures/v1-val-dicedst-r.png Graphic file (type png)
<use Figures/v1-val-dicedst-r.png>
Package pdftex.def Info: Figures/v1-val-dicedst-r.png  used on input line 290.
(pdftex.def)             Requested size: 277.41176pt x 138.71292pt.
<Figures/v2-val-dicedst-d.png, id=1578, 501.875pt x 250.9375pt>
File: Figures/v2-val-dicedst-d.png Graphic file (type png)
<use Figures/v2-val-dicedst-d.png>
Package pdftex.def Info: Figures/v2-val-dicedst-d.png  used on input line 297.
(pdftex.def)             Requested size: 277.41176pt x 138.71292pt.
<Figures/v2-val-dicedst-r.png, id=1579, 501.875pt x 250.9375pt>
File: Figures/v2-val-dicedst-r.png Graphic file (type png)
<use Figures/v2-val-dicedst-r.png>
Package pdftex.def Info: Figures/v2-val-dicedst-r.png  used on input line 298.
(pdftex.def)             Requested size: 277.41176pt x 138.71292pt.
<Figures/v1-tst-dicedst-d.png, id=1580, 501.875pt x 250.9375pt>
File: Figures/v1-tst-dicedst-d.png Graphic file (type png)
<use Figures/v1-tst-dicedst-d.png>
Package pdftex.def Info: Figures/v1-tst-dicedst-d.png  used on input line 305.
(pdftex.def)             Requested size: 277.41176pt x 138.71292pt.
<Figures/v1-tst-dicedst-r.png, id=1581, 501.875pt x 250.9375pt>
File: Figures/v1-tst-dicedst-r.png Graphic file (type png)
<use Figures/v1-tst-dicedst-r.png>
Package pdftex.def Info: Figures/v1-tst-dicedst-r.png  used on input line 306.
(pdftex.def)             Requested size: 277.41176pt x 138.71292pt.


LaTeX Warning: `!h' float specifier changed to `!ht'.

<Figures/v2-tst-dicedst-d.png, id=1582, 501.875pt x 250.9375pt>
File: Figures/v2-tst-dicedst-d.png Graphic file (type png)
<use Figures/v2-tst-dicedst-d.png>
Package pdftex.def Info: Figures/v2-tst-dicedst-d.png  used on input line 313.
(pdftex.def)             Requested size: 277.41176pt x 138.71292pt.
<Figures/v2-tst-dicedst-r.png, id=1583, 501.875pt x 250.9375pt>
File: Figures/v2-tst-dicedst-r.png Graphic file (type png)
<use Figures/v2-tst-dicedst-r.png>
Package pdftex.def Info: Figures/v2-tst-dicedst-r.png  used on input line 314.
(pdftex.def)             Requested size: 277.41176pt x 138.71292pt.

LaTeX Warning: `!h' float specifier changed to `!ht'.

<Figures/v2-mew2012-dicedst-d.png, id=1584, 501.875pt x 250.9375pt>
File: Figures/v2-mew2012-dicedst-d.png Graphic file (type png)
<use Figures/v2-mew2012-dicedst-d.png>
Package pdftex.def Info: Figures/v2-mew2012-dicedst-d.png  used on input line 3
21.
(pdftex.def)             Requested size: 277.41176pt x 138.71292pt.
<Figures/v2-mew2012-dicedst-r.png, id=1585, 501.875pt x 250.9375pt>
File: Figures/v2-mew2012-dicedst-r.png Graphic file (type png)
<use Figures/v2-mew2012-dicedst-r.png>
Package pdftex.def Info: Figures/v2-mew2012-dicedst-r.png  used on input line 3
22.
(pdftex.def)             Requested size: 277.41176pt x 138.71292pt.

LaTeX Warning: `!h' float specifier changed to `!ht'.

[51 <./Figures/v1-val-dicedst-d.png (PNG copy)> <./Figures/v1-val-dicedst-r.png
 (PNG copy)> <./Figures/v2-val-dicedst-d.png (PNG copy)> <./Figures/v2-val-dice
dst-r.png (PNG copy)>] [52 <./Figures/v1-tst-dicedst-d.png (PNG copy)> <./Figur
es/v1-tst-dicedst-r.png (PNG copy)> <./Figures/v2-tst-dicedst-d.png (PNG copy)>
 <./Figures/v2-tst-dicedst-r.png (PNG copy)>] [53 <./Figures/v2-mew2012-dicedst
-d.png (PNG copy)> <./Figures/v2-mew2012-dicedst-r.png (PNG copy)>]
<Figures/full-pipeline.png, id=1601, 1466.47874pt x 372.39125pt>
File: Figures/full-pipeline.png Graphic file (type png)
<use Figures/full-pipeline.png>
Package pdftex.def Info: Figures/full-pipeline.png  used on input line 345.
(pdftex.def)             Requested size: 426.79135pt x 108.37708pt.
<Figures/illustration.png, id=1604, 372.39125pt x 372.39125pt>
File: Figures/illustration.png Graphic file (type png)
<use Figures/illustration.png>
Package pdftex.def Info: Figures/illustration.png  used on input line 354.
(pdftex.def)             Requested size: 170.71393pt x 170.71678pt.
<Figures/stage-2.png, id=1607, 703.62875pt x 372.39125pt>
File: Figures/stage-2.png Graphic file (type png)
<use Figures/stage-2.png>
Package pdftex.def Info: Figures/stage-2.png  used on input line 365.
(pdftex.def)             Requested size: 213.39568pt x 112.93422pt.


LaTeX Warning: `!h' float specifier changed to `!ht'.

[54 <./Figures/full-pipeline.png> <./Figures/illustration.png>]
<Figures/stage-3.png, id=1620, 583.17876pt x 251.94125pt>
File: Figures/stage-3.png Graphic file (type png)
<use Figures/stage-3.png>
Package pdftex.def Info: Figures/stage-3.png  used on input line 374.
(pdftex.def)             Requested size: 213.39568pt x 92.19037pt.
<Figures/experiments.png, id=1622, 1508.63625pt x 1638.12pt>
File: Figures/experiments.png Graphic file (type png)
<use Figures/experiments.png>
Package pdftex.def Info: Figures/experiments.png  used on input line 383.
(pdftex.def)             Requested size: 256.07741pt x 278.05179pt.


LaTeX Warning: `!h' float specifier changed to `!ht'.


Overfull \hbox (39.78842pt too wide) in paragraph at lines 390--390
[]\OT1/cmr/bx/n/17.28 Evaluating and map-ping dis-eases in for-est canopies 
 []

[55 <./Figures/stage-2.png> <./Figures/stage-3.png>]
<Figures/pin-cylinder.png, id=1632, 934.49126pt x 743.77875pt>
File: Figures/pin-cylinder.png Graphic file (type png)
<use Figures/pin-cylinder.png>
Package pdftex.def Info: Figures/pin-cylinder.png  used on input line 396.
(pdftex.def)             Requested size: 341.43437pt x 271.75504pt.


LaTeX Warning: `h' float specifier changed to `ht'.

<Figures/diseased-canopy.png, id=1635, 763.85374pt x 482.80376pt>
File: Figures/diseased-canopy.png Graphic file (type png)
<use Figures/diseased-canopy.png>
Package pdftex.def Info: Figures/diseased-canopy.png  used on input line 405.
(pdftex.def)             Requested size: 341.43437pt x 215.80838pt.

LaTeX Warning: `h' float specifier changed to `ht'.

[56 <./Figures/experiments.png>] [57 <./Figures/pin-cylinder.png>]
File: Figures/simplified-codesign.png Graphic file (type png)
<use Figures/simplified-codesign.png>
Package pdftex.def Info: Figures/simplified-codesign.png  used on input line 42
9.
(pdftex.def)             Requested size: 341.43437pt x 136.9121pt.
 [58 <./Figures/diseased-canopy.png>]
<Figures/dataflow-2.png, id=1665, 563.10374pt x 402.50375pt>
File: Figures/dataflow-2.png Graphic file (type png)
<use Figures/dataflow-2.png>
Package pdftex.def Info: Figures/dataflow-2.png  used on input line 452.
(pdftex.def)             Requested size: 256.07741pt x 183.04121pt.


LaTeX Warning: `!h' float specifier changed to `!ht'.

[59] [60 <./Figures/dataflow-2.png>]
<Figures/helmet2.JPG, id=1682, 3468.96pt x 2601.72pt>
File: Figures/helmet2.JPG Graphic file (type jpg)
<use Figures/helmet2.JPG>
Package pdftex.def Info: Figures/helmet2.JPG  used on input line 483.
(pdftex.def)             Requested size: 192.0548pt x 144.02797pt.
<Figures/prototype2.jpg, id=1683, 1626.075pt x 1084.05pt>
File: Figures/prototype2.jpg Graphic file (type jpg)
<use Figures/prototype2.jpg>
Package pdftex.def Info: Figures/prototype2.jpg  used on input line 490.
(pdftex.def)             Requested size: 192.0548pt x 128.02927pt.
 [61 <./Figures/helmet2.JPG> <./Figures/prototype2.jpg>]
<Figures/pipeline-Edge-AI.png, id=1694, 1295.84125pt x 269.005pt>
File: Figures/pipeline-Edge-AI.png Graphic file (type png)
<use Figures/pipeline-Edge-AI.png>
Package pdftex.def Info: Figures/pipeline-Edge-AI.png  used on input line 508.
(pdftex.def)             Requested size: 426.79135pt x 88.59952pt.
 [62 <./Figures/pipeline-Edge-AI.png>]
<Figures/leaves.png, id=1703, 1170.3725pt x 615.29875pt>
File: Figures/leaves.png Graphic file (type png)
<use Figures/leaves.png>
Package pdftex.def Info: Figures/leaves.png  used on input line 523.
(pdftex.def)             Requested size: 384.1096pt x 201.94135pt.
<Figures/pipeline.png, id=1704, 1456.44125pt x 522.95375pt>
File: Figures/pipeline.png Graphic file (type png)
<use Figures/pipeline.png>
Package pdftex.def Info: Figures/pipeline.png  used on input line 530.
(pdftex.def)             Requested size: 384.1096pt x 137.91179pt.
 [63 <./Figures/leaves.png> <./Figures/pipeline.png>]
<Figures/pseudospectrum-distribution.png, id=1715, 1181.41376pt x 663.47874pt>
File: Figures/pseudospectrum-distribution.png Graphic file (type png)
<use Figures/pseudospectrum-distribution.png>
Package pdftex.def Info: Figures/pseudospectrum-distribution.png  used on input
 line 543.
(pdftex.def)             Requested size: 384.1096pt x 215.70901pt.
<Figures/neuralnetwork-1.png, id=1718, 1644.1425pt x 838.13126pt>
File: Figures/neuralnetwork-1.png Graphic file (type png)
<use Figures/neuralnetwork-1.png>
Package pdftex.def Info: Figures/neuralnetwork-1.png  used on input line 552.
(pdftex.def)             Requested size: 298.75264pt x 152.28946pt.
 [64 <./Figures/pseudospectrum-distribution.png>]
<Figures/loss_function.png, id=1727, 677.53125pt x 451.6875pt>
File: Figures/loss_function.png Graphic file (type png)
<use Figures/loss_function.png>
Package pdftex.def Info: Figures/loss_function.png  used on input line 561.
(pdftex.def)             Requested size: 298.75264pt x 199.17043pt.

Overfull \hbox (3.90695pt too wide) in paragraph at lines 566--567
\OT1/cmr/m/n/12 train-ing was con-ducted us-ing a back-prop-a-ga-tion tech-niqu
e, em-ploy-ing a cross-entropy
 []

[65 <./Figures/neuralnetwork-1.png> <./Figures/loss_function.png (PNG copy)>]
<Figures/CNN_Sensors.png, id=1737, 953.4822pt x 354.6048pt>
File: Figures/CNN_Sensors.png Graphic file (type png)
<use Figures/CNN_Sensors.png>
Package pdftex.def Info: Figures/CNN_Sensors.png  used on input line 582.
(pdftex.def)             Requested size: 426.79135pt x 158.72658pt.


LaTeX Warning: `!h' float specifier changed to `!ht'.

<Figures/cnn_train_validation.png, id=1738, 793.5246pt x 398.9304pt>
File: Figures/cnn_train_validation.png Graphic file (type png)
<use Figures/cnn_train_validation.png>
Package pdftex.def Info: Figures/cnn_train_validation.png  used on input line 5
89.
(pdftex.def)             Requested size: 426.79135pt x 214.567pt.

LaTeX Warning: `!h' float specifier changed to `!ht'.

[66] [67 <./Figures/CNN_Sensors.png (PNG copy)> <./Figures/cnn_train_validation
.png>] [68] [69]
<Figures/pin-cylinder-test.png, id=1776, 984.67876pt x 876.27374pt>
File: Figures/pin-cylinder-test.png Graphic file (type png)
<use Figures/pin-cylinder-test.png>
Package pdftex.def Info: Figures/pin-cylinder-test.png  used on input line 702.

(pdftex.def)             Requested size: 341.43437pt x 303.83904pt.


LaTeX Warning: `!h' float specifier changed to `!ht'.

[70]
<Figures/segmentation.png, id=1788, 1332.98pt x 603.25375pt>
File: Figures/segmentation.png Graphic file (type png)
<use Figures/segmentation.png>
Package pdftex.def Info: Figures/segmentation.png  used on input line 715.
(pdftex.def)             Requested size: 384.1096pt x 173.8253pt.


LaTeX Warning: `!h' float specifier changed to `!ht'.

[71 <./Figures/pin-cylinder-test.png>] [72 <./Figures/segmentation.png>]
<Figures/arb-pdf.png, id=1806, 602.25pt x 602.25pt>
File: Figures/arb-pdf.png Graphic file (type png)
<use Figures/arb-pdf.png>
Package pdftex.def Info: Figures/arb-pdf.png  used on input line 739.
(pdftex.def)             Requested size: 298.75264pt x 298.76253pt.

[73 <./Figures/arb-pdf.png (PNG copy)>]
<Figures/hw-test-pipeline.png, id=1813, 1608.0075pt x 485.815pt>
File: Figures/hw-test-pipeline.png Graphic file (type png)
<use Figures/hw-test-pipeline.png>
Package pdftex.def Info: Figures/hw-test-pipeline.png  used on input line 755.
(pdftex.def)             Requested size: 298.75264pt x 90.25983pt.
<Figures/HW-stage1.png, id=1815, 677.53125pt x 376.40625pt>
File: Figures/HW-stage1.png Graphic file (type png)
<use Figures/HW-stage1.png>
Package pdftex.def Info: Figures/HW-stage1.png  used on input line 766.
(pdftex.def)             Requested size: 341.43437pt x 189.69022pt.
 [74 <./Figures/hw-test-pipeline.png> <./Figures/HW-stage1.png (PNG copy)>]
<Figures/HW-stage2.png, id=1822, 677.53125pt x 376.40625pt>
File: Figures/HW-stage2.png Graphic file (type png)
<use Figures/HW-stage2.png>
Package pdftex.def Info: Figures/HW-stage2.png  used on input line 775.
(pdftex.def)             Requested size: 341.43437pt x 189.69022pt.
<Figures/HW-stage3.png, id=1824, 677.53125pt x 376.40625pt>
File: Figures/HW-stage3.png Graphic file (type png)
<use Figures/HW-stage3.png>
Package pdftex.def Info: Figures/HW-stage3.png  used on input line 784.
(pdftex.def)             Requested size: 341.43437pt x 189.69022pt.
 [75 <./Figures/HW-stage2.png (PNG copy)> <./Figures/HW-stage3.png (PNG copy)>]
<Figures/predpersec.png, id=1832, 677.53125pt x 376.40625pt>
File: Figures/predpersec.png Graphic file (type png)
<use Figures/predpersec.png>
Package pdftex.def Info: Figures/predpersec.png  used on input line 795.
(pdftex.def)             Requested size: 341.43437pt x 189.69022pt.
 [76 <./Figures/predpersec.png (PNG copy)>]
<Figures/pps-pi3B.png, id=1839, 376.40625pt x 602.25pt>
File: Figures/pps-pi3B.png Graphic file (type png)
<use Figures/pps-pi3B.png>
Package pdftex.def Info: Figures/pps-pi3B.png  used on input line 813.
(pdftex.def)             Requested size: 136.57635pt x 218.52827pt.
<Figures/pps-j5.png, id=1840, 376.40625pt x 602.25pt>
File: Figures/pps-j5.png Graphic file (type png)
<use Figures/pps-j5.png>
Package pdftex.def Info: Figures/pps-j5.png  used on input line 814.
(pdftex.def)             Requested size: 136.57635pt x 218.52827pt.
<Figures/pps-j20.png, id=1841, 376.40625pt x 602.25pt>
File: Figures/pps-j20.png Graphic file (type png)
<use Figures/pps-j20.png>
Package pdftex.def Info: Figures/pps-j20.png  used on input line 815.
(pdftex.def)             Requested size: 136.57635pt x 218.52827pt.


LaTeX Warning: `!h' float specifier changed to `!ht'.

[77]

LaTeX Warning: `!h' float specifier changed to `!ht'.


LaTeX Warning: `!h' float specifier changed to `!ht'.

[78 <./Figures/pps-pi3B.png (PNG copy)> <./Figures/pps-j5.png (PNG copy)> <./Fi
gures/pps-j20.png (PNG copy)>]
<Figures/archtest-dataflow.png, id=1858, 2252.415pt x 1112.155pt>
File: Figures/archtest-dataflow.png Graphic file (type png)
<use Figures/archtest-dataflow.png>
Package pdftex.def Info: Figures/archtest-dataflow.png  used on input line 925.

(pdftex.def)             Requested size: 384.1096pt x 189.6578pt.
 [79]
<Figures/arch-steps-latency.png, id=1866, 677.53125pt x 376.40625pt>
File: Figures/arch-steps-latency.png Graphic file (type png)
<use Figures/arch-steps-latency.png>
Package pdftex.def Info: Figures/arch-steps-latency.png  used on input line 936
.
(pdftex.def)             Requested size: 341.43437pt x 189.69022pt.


LaTeX Warning: `!h' float specifier changed to `!ht'.

<Figures/qf-test.png, id=1871, 677.53125pt x 376.40625pt>
File: Figures/qf-test.png Graphic file (type png)
<use Figures/qf-test.png>
Package pdftex.def Info: Figures/qf-test.png  used on input line 945.
(pdftex.def)             Requested size: 341.43437pt x 189.69022pt.
[80 <./Figures/archtest-dataflow.png>] [81 <./Figures/arch-steps-latency.png (P
NG copy)> <./Figures/qf-test.png (PNG copy)>]
<Figures/latency-st1.png, id=1885, 677.53125pt x 376.40625pt>
File: Figures/latency-st1.png Graphic file (type png)
<use Figures/latency-st1.png>
Package pdftex.def Info: Figures/latency-st1.png  used on input line 956.
(pdftex.def)             Requested size: 341.43437pt x 189.69022pt.
<Figures/latency-st2.png, id=1886, 677.53125pt x 376.40625pt>
File: Figures/latency-st2.png Graphic file (type png)
<use Figures/latency-st2.png>
Package pdftex.def Info: Figures/latency-st2.png  used on input line 963.
(pdftex.def)             Requested size: 341.43437pt x 189.69022pt.
<Figures/latency-st3.png, id=1887, 677.53125pt x 376.40625pt>
File: Figures/latency-st3.png Graphic file (type png)
<use Figures/latency-st3.png>
Package pdftex.def Info: Figures/latency-st3.png  used on input line 970.
(pdftex.def)             Requested size: 341.43437pt x 189.69022pt.


LaTeX Warning: `!h' float specifier changed to `!ht'.

<Figures/latency-st4.png, id=1888, 677.53125pt x 376.40625pt>
File: Figures/latency-st4.png Graphic file (type png)
<use Figures/latency-st4.png>
Package pdftex.def Info: Figures/latency-st4.png  used on input line 977.
(pdftex.def)             Requested size: 341.43437pt x 189.69022pt.

LaTeX Warning: `!h' float specifier changed to `!ht'.

[82 <./Figures/latency-st1.png (PNG copy)> <./Figures/latency-st2.png (PNG copy
)>]
<Figures/case-study-geometry.png, id=1895, 804.00375pt x 603.25375pt>
File: Figures/case-study-geometry.png Graphic file (type png)
<use Figures/case-study-geometry.png>
Package pdftex.def Info: Figures/case-study-geometry.png  used on input line 98
9.
(pdftex.def)             Requested size: 298.75264pt x 224.1577pt.


LaTeX Warning: `!h' float specifier changed to `!ht'.

<Figures/sampled-disease.png, id=1897, 602.25pt x 602.25pt>
File: Figures/sampled-disease.png Graphic file (type png)
<use Figures/sampled-disease.png>
Package pdftex.def Info: Figures/sampled-disease.png  used on input line 998.
(pdftex.def)             Requested size: 256.07741pt x 256.0861pt.

LaTeX Warning: `!h' float specifier changed to `!ht'.

[83 <./Figures/latency-st3.png (PNG copy)> <./Figures/latency-st4.png (PNG copy
)>]
<Figures/regression-pdf.png, id=1905, 602.25pt x 602.25pt>
File: Figures/regression-pdf.png Graphic file (type png)
<use Figures/regression-pdf.png>
Package pdftex.def Info: Figures/regression-pdf.png  used on input line 1007.
(pdftex.def)             Requested size: 256.07741pt x 256.0861pt.


LaTeX Warning: `!h' float specifier changed to `!ht'.

[84 <./Figures/case-study-geometry.png> <./Figures/sampled-disease.png (PNG cop
y)>] [85 <./Figures/regression-pdf.png (PNG copy)>] [86]
File: Figures/simplified-codesign.png Graphic file (type png)
<use Figures/simplified-codesign.png>
Package pdftex.def Info: Figures/simplified-codesign.png  used on input line 10
52.
(pdftex.def)             Requested size: 341.43437pt x 136.9121pt.
 [87]
<Figures/overview.png, id=1937, 683.55376pt x 844.15375pt>
File: Figures/overview.png Graphic file (type png)
<use Figures/overview.png>
Package pdftex.def Info: Figures/overview.png  used on input line 1086.
(pdftex.def)             Requested size: 213.39568pt x 263.5269pt.


LaTeX Warning: `!h' float specifier changed to `!ht'.

[88]
<Figures/ant-counter.png, id=1950, 573.14125pt x 874.26625pt>
File: Figures/ant-counter.png Graphic file (type png)
<use Figures/ant-counter.png>
Package pdftex.def Info: Figures/ant-counter.png  used on input line 1099.
(pdftex.def)             Requested size: 213.39568pt x 325.5145pt.


LaTeX Warning: `!h' float specifier changed to `!ht'.

<Figures/screen-1.png, id=1952, 676.5275pt x 650.43pt>
File: Figures/screen-1.png Graphic file (type png)
<use Figures/screen-1.png>
Package pdftex.def Info: Figures/screen-1.png  used on input line 1108.
(pdftex.def)             Requested size: 256.07741pt x 246.20326pt.

LaTeX Warning: `!h' float specifier changed to `!ht'.

[89 <./Figures/overview.png>]
<Figures/screen-2.png, id=1961, 674.52pt x 650.43pt>
File: Figures/screen-2.png Graphic file (type png)
<use Figures/screen-2.png>
Package pdftex.def Info: Figures/screen-2.png  used on input line 1117.
(pdftex.def)             Requested size: 256.07741pt x 246.9377pt.


LaTeX Warning: `!h' float specifier changed to `!ht'.

[90 <./Figures/ant-counter.png> <./Figures/screen-1.png>]
<Figures/screen-3.png, id=1969, 678.535pt x 679.53876pt>
File: Figures/screen-3.png Graphic file (type png)
<use Figures/screen-3.png>
Package pdftex.def Info: Figures/screen-3.png  used on input line 1126.
(pdftex.def)             Requested size: 256.07741pt x 256.45433pt.
 [91 <./Figures/screen-2.png> <./Figures/screen-3.png>]
<Figures/dataset-boxplot.png, id=1975, 301.125pt x 376.40625pt>
File: Figures/dataset-boxplot.png Graphic file (type png)
<use Figures/dataset-boxplot.png>
Package pdftex.def Info: Figures/dataset-boxplot.png  used on input line 1135.
(pdftex.def)             Requested size: 170.71393pt x 213.39934pt.

Overfull \hbox (11.50966pt too wide) in paragraph at lines 1140--1141
[]\OT1/cmr/m/n/12 By uti-liz-ing struc-tured an-no-ta-tions, we trans-formed ev
-ery im-age into the 1024x1024
 []

[92 <./Figures/dataset-boxplot.png>]
<Figures/data_aug.png, id=1986, 289.08pt x 279.0425pt>
File: Figures/data_aug.png Graphic file (type png)
<use Figures/data_aug.png>
Package pdftex.def Info: Figures/data_aug.png  used on input line 1160.
(pdftex.def)             Requested size: 192.0548pt x 185.38635pt.
 [93 <./Figures/data_aug.png>]
<Figures/T-MNV1.png, id=2001, 578.16pt x 578.16pt>
File: Figures/T-MNV1.png Graphic file (type png)
<use Figures/T-MNV1.png>
Package pdftex.def Info: Figures/T-MNV1.png  used on input line 1176.
(pdftex.def)             Requested size: 256.07741pt x 256.07619pt.
<Figures/T-ENV2B0.png, id=2002, 578.16pt x 578.16pt>
File: Figures/T-ENV2B0.png Graphic file (type png)
<use Figures/T-ENV2B0.png>
Package pdftex.def Info: Figures/T-ENV2B0.png  used on input line 1183.
(pdftex.def)             Requested size: 256.07741pt x 256.07619pt.


LaTeX Warning: `!h' float specifier changed to `!ht'.

[94 <./Figures/T-MNV1.png>] [95 <./Figures/T-ENV2B0.png>] [96]
<Figures/example.JPG, id=2028, 5203.44pt x 3468.96pt>
File: Figures/example.JPG Graphic file (type jpg)
<use Figures/example.JPG>
Package pdftex.def Info: Figures/example.JPG  used on input line 1257.
(pdftex.def)             Requested size: 341.43437pt x 227.60759pt.


LaTeX Warning: `!h' float specifier changed to `!ht'.

<Figures/cm-mn.png, id=2030, 777.90625pt x 739.76375pt>
File: Figures/cm-mn.png Graphic file (type png)
<use Figures/cm-mn.png>
Package pdftex.def Info: Figures/cm-mn.png  used on input line 1291.
(pdftex.def)             Requested size: 298.75264pt x 284.10443pt.

LaTeX Warning: `!h' float specifier changed to `!ht'.

[97 <./Figures/example.JPG>]

LaTeX Warning: `!h' float specifier changed to `!ht'.

<Figures/cm-en.png, id=2037, 885.3075pt x 801.99625pt>
File: Figures/cm-en.png Graphic file (type png)
<use Figures/cm-en.png>
Package pdftex.def Info: Figures/cm-en.png  used on input line 1329.
(pdftex.def)             Requested size: 298.75264pt x 270.64369pt.

LaTeX Warning: `!h' float specifier changed to `!ht'.

[98 <./Figures/cm-mn.png>] [99 <./Figures/cm-en.png>]
<Figures/MNV1.png, id=2050, 819.06pt x 677.53125pt>
File: Figures/MNV1.png Graphic file (type png)
<use Figures/MNV1.png>
Package pdftex.def Info: Figures/MNV1.png  used on input line 1370.
(pdftex.def)             Requested size: 298.75264pt x 247.1366pt.


LaTeX Warning: `!h' float specifier changed to `!ht'.

[100]
<Figures/ENV2B0.png, id=2057, 819.06pt x 677.53125pt>
File: Figures/ENV2B0.png Graphic file (type png)
<use Figures/ENV2B0.png>
Package pdftex.def Info: Figures/ENV2B0.png  used on input line 1404.
(pdftex.def)             Requested size: 298.75264pt x 247.1366pt.


LaTeX Warning: `!h' float specifier changed to `!ht'.

[101 <./Figures/MNV1.png (PNG copy)>]
<Figures/times.png, id=2063, 301.125pt x 376.40625pt>
File: Figures/times.png Graphic file (type png)
<use Figures/times.png>
Package pdftex.def Info: Figures/times.png  used on input line 1419.
(pdftex.def)             Requested size: 170.71393pt x 213.39934pt.


LaTeX Warning: `!h' float specifier changed to `!ht'.

<Figures/train_aug.png, id=2064, 578.16pt x 578.16pt>
File: Figures/train_aug.png Graphic file (type png)
<use Figures/train_aug.png>
Package pdftex.def Info: Figures/train_aug.png  used on input line 1430.
(pdftex.def)             Requested size: 209.1301pt x 209.1255pt.
<Figures/train_aug_en.png, id=2065, 578.16pt x 578.16pt>
File: Figures/train_aug_en.png Graphic file (type png)
<use Figures/train_aug_en.png>
Package pdftex.def Info: Figures/train_aug_en.png  used on input line 1431.
(pdftex.def)             Requested size: 209.1301pt x 209.1255pt.

LaTeX Warning: `!h' float specifier changed to `!ht'.

[102 <./Figures/ENV2B0.png (PNG copy)>]
<Figures/data_aug_val_mn.png, id=2073, 807.9786pt x 589.7232pt>
File: Figures/data_aug_val_mn.png Graphic file (type png)
<use Figures/data_aug_val_mn.png>
Package pdftex.def Info: Figures/data_aug_val_mn.png  used on input line 1440.
(pdftex.def)             Requested size: 384.1096pt x 280.34639pt.


LaTeX Warning: `!h' float specifier changed to `!ht'.

File: Figures/data_aug_val_mn.png Graphic file (type png)
<use Figures/data_aug_val_mn.png>
Package pdftex.def Info: Figures/data_aug_val_mn.png  used on input line 1447.
(pdftex.def)             Requested size: 384.1096pt x 280.34639pt.

LaTeX Warning: `!h' float specifier changed to `!ht'.

<Figures/data_aug_val_en.png, id=2078, 811.5921pt x 611.4042pt>
File: Figures/data_aug_val_en.png Graphic file (type png)
<use Figures/data_aug_val_en.png>
Package pdftex.def Info: Figures/data_aug_val_en.png  used on input line 1456.
(pdftex.def)             Requested size: 384.1096pt x 289.3658pt.

LaTeX Warning: `!h' float specifier changed to `!ht'.

File: Figures/data_aug_val_en.png Graphic file (type png)
<use Figures/data_aug_val_en.png>
Package pdftex.def Info: Figures/data_aug_val_en.png  used on input line 1463.
(pdftex.def)             Requested size: 384.1096pt x 289.3658pt.

LaTeX Warning: `!h' float specifier changed to `!ht'.

[103 <./Figures/times.png> <./Figures/train_aug.png> <./Figures/train_aug_en.pn
g>]
<Figures/counting_aug_mn.png, id=2088, 844.52657pt x 672.45514pt>
File: Figures/counting_aug_mn.png Graphic file (type png)
<use Figures/counting_aug_mn.png>
Package pdftex.def Info: Figures/counting_aug_mn.png  used on input line 1472.
(pdftex.def)             Requested size: 341.43437pt x 271.87083pt.


LaTeX Warning: `!h' float specifier changed to `!ht'.

<Figures/counting_aug_en.png, id=2089, 844.52657pt x 672.45514pt>
File: Figures/counting_aug_en.png Graphic file (type png)
<use Figures/counting_aug_en.png>
Package pdftex.def Info: Figures/counting_aug_en.png  used on input line 1479.
(pdftex.def)             Requested size: 341.43437pt x 271.87083pt.

LaTeX Warning: `!h' float specifier changed to `!ht'.

[104 <./Figures/data_aug_val_mn.png>] [105 <./Figures/data_aug_val_en.png>]
[106 <./Figures/counting_aug_mn.png (PNG copy)> <./Figures/counting_aug_en.png 
(PNG copy)>])
\openout2 = `chap05.aux'.

 (./chap05.tex
Chapter 5.
File: Figures/simplified-codesign.png Graphic file (type png)
<use Figures/simplified-codesign.png>
Package pdftex.def Info: Figures/simplified-codesign.png  used on input line 21
.
(pdftex.def)             Requested size: 341.43437pt x 136.9121pt.
[107





]
<Figures/SAM_4593.JPG, id=2110, 3468.96pt x 2601.72pt>
File: Figures/SAM_4593.JPG Graphic file (type jpg)
<use Figures/SAM_4593.JPG>
Package pdftex.def Info: Figures/SAM_4593.JPG  used on input line 42.
(pdftex.def)             Requested size: 298.75264pt x 224.06116pt.
 [108 <./Figures/SAM_4593.JPG>] [109]
<Figures/devicearch.png, id=2146, 683.55376pt x 545.03625pt>
File: Figures/devicearch.png Graphic file (type png)
<use Figures/devicearch.png>
Package pdftex.def Info: Figures/devicearch.png  used on input line 97.
(pdftex.def)             Requested size: 256.07741pt x 204.18849pt.


LaTeX Warning: `!h' float specifier changed to `!ht'.

[110] [111 <./Figures/devicearch.png>]
<Figures/vest.png, id=2159, 740.7675pt x 659.46375pt>
File: Figures/vest.png Graphic file (type png)
<use Figures/vest.png>
Package pdftex.def Info: Figures/vest.png  used on input line 124.
(pdftex.def)             Requested size: 256.07741pt x 227.96805pt.
 [112 <./Figures/vest.png>] [113]
<Figures/CFRWS.png, id=2205, 723.70375pt x 764.8575pt>
File: Figures/CFRWS.png Graphic file (type png)
<use Figures/CFRWS.png>
Package pdftex.def Info: Figures/CFRWS.png  used on input line 174.
(pdftex.def)             Requested size: 213.39568pt x 225.52597pt.

[114 <./Figures/CFRWS.png>] [115] [116]
<Figures/QoS_tests_result.png, id=2236, 385.44pt x 385.44pt>
File: Figures/QoS_tests_result.png Graphic file (type png)
<use Figures/QoS_tests_result.png>
Package pdftex.def Info: Figures/QoS_tests_result.png  used on input line 267.
(pdftex.def)             Requested size: 426.79135pt x 426.79071pt.


LaTeX Warning: `!h' float specifier changed to `!ht'.

<Figures/QoS-average.png, id=2238, 1204.5pt x 803.0pt>
File: Figures/QoS-average.png Graphic file (type png)
<use Figures/QoS-average.png>
Package pdftex.def Info: Figures/QoS-average.png  used on input line 282.
(pdftex.def)             Requested size: 298.75264pt x 199.1689pt.
[117]
Overfull \hbox (33.21248pt too wide) in paragraph at lines 289--289
[]\OT1/cmr/bx/n/17.28 Smart wear-able sys-tems in the con-text of COVID-
 []

[118 <./Figures/QoS_tests_result.png>] [119 <./Figures/QoS-average.png>]
File: Figures/simplified-codesign.png Graphic file (type png)
<use Figures/simplified-codesign.png>
Package pdftex.def Info: Figures/simplified-codesign.png  used on input line 30
3.
(pdftex.def)             Requested size: 341.43437pt x 136.9121pt.

[120]
<Figures/fs-schematics.png, id=2270, 643.40375pt x 343.2825pt>
File: Figures/fs-schematics.png Graphic file (type png)
<use Figures/fs-schematics.png>
Package pdftex.def Info: Figures/fs-schematics.png  used on input line 327.
(pdftex.def)             Requested size: 256.07741pt x 136.62961pt.
 [121 <./Figures/fs-schematics.png>]
<Figures/max30100.JPG, id=2278, 3468.96pt x 2601.72pt>
File: Figures/max30100.JPG Graphic file (type jpg)
<use Figures/max30100.JPG>
Package pdftex.def Info: Figures/max30100.JPG  used on input line 346.
(pdftex.def)             Requested size: 213.39568pt x 160.02666pt.
<Figures/display.JPG, id=2279, 3468.96pt x 2601.72pt>
File: Figures/display.JPG Graphic file (type jpg)
<use Figures/display.JPG>
Package pdftex.def Info: Figures/display.JPG  used on input line 355.
(pdftex.def)             Requested size: 213.39568pt x 160.02666pt.


LaTeX Warning: `!h' float specifier changed to `!ht'.

[122 <./Figures/max30100.JPG>]
<Figures/dataflow.png, id=2294, 925.4575pt x 402.50375pt>
File: Figures/dataflow.png Graphic file (type png)
<use Figures/dataflow.png>
Package pdftex.def Info: Figures/dataflow.png  used on input line 366.
(pdftex.def)             Requested size: 298.75264pt x 129.9339pt.
 [123 <./Figures/display.JPG> <./Figures/dataflow.png>]
<Figures/test-schematics.png, id=2306, 734.745pt x 447.6725pt>
File: Figures/test-schematics.png Graphic file (type png)
<use Figures/test-schematics.png>
Package pdftex.def Info: Figures/test-schematics.png  used on input line 389.
(pdftex.def)             Requested size: 256.07741pt x 156.02512pt.
 [124 <./Figures/test-schematics.png>] [125]
<Figures/cptest-f.png, id=2330, 804.00375pt x 664.4825pt>
File: Figures/cptest-f.png Graphic file (type png)
<use Figures/cptest-f.png>
Package pdftex.def Info: Figures/cptest-f.png  used on input line 421.
(pdftex.def)             Requested size: 341.43437pt x 282.18332pt.
 [126 <./Figures/cptest-f.png>]
<Figures/discharge.png, id=2340, 602.25pt x 451.6875pt>
File: Figures/discharge.png Graphic file (type png)
<use Figures/discharge.png>
Package pdftex.def Info: Figures/discharge.png  used on input line 456.
(pdftex.def)             Requested size: 256.07741pt x 192.06458pt.
 [127 <./Figures/discharge.png (PNG copy)>]
<Figures/validation-1.png, id=2347, 974.64125pt x 482.80376pt>
File: Figures/validation-1.png Graphic file (type png)
<use Figures/validation-1.png>
Package pdftex.def Info: Figures/validation-1.png  used on input line 473.
(pdftex.def)             Requested size: 298.75264pt x 147.98795pt.
 [128 <./Figures/validation-1.png>]
<Figures/max30100-data.png, id=2355, 602.25pt x 451.6875pt>
File: Figures/max30100-data.png Graphic file (type png)
<use Figures/max30100-data.png>
Package pdftex.def Info: Figures/max30100-data.png  used on input line 482.
(pdftex.def)             Requested size: 256.07741pt x 192.06458pt.
<Figures/SPO2.png, id=2356, 602.25pt x 301.125pt>
File: Figures/SPO2.png Graphic file (type png)
<use Figures/SPO2.png>
Package pdftex.def Info: Figures/SPO2.png  used on input line 489.
(pdftex.def)             Requested size: 256.07741pt x 128.04305pt.

Overfull \hbox (3.58057pt too wide) in paragraph at lines 496--497
[]\OT1/cmr/m/n/12 The anal-y-ses con-ducted on the pro-to-type en-sure the func
-tional and non-functional
 []

[129 <./Figures/max30100-data.png (PNG copy)> <./Figures/SPO2.png (PNG copy)>]
<Figures/general-arch.png, id=2368, 850.17625pt x 920.43875pt>
File: Figures/general-arch.png Graphic file (type png)
<use Figures/general-arch.png>
Package pdftex.def Info: Figures/general-arch.png  used on input line 504.
(pdftex.def)             Requested size: 256.07741pt x 277.24329pt.

[130 <./Figures/general-arch.png>]
<Figures/facecensor.png, id=2377, 804.00375pt x 522.95375pt>
File: Figures/facecensor.png Graphic file (type png)
<use Figures/facecensor.png>
Package pdftex.def Info: Figures/facecensor.png  used on input line 518.
(pdftex.def)             Requested size: 256.07741pt x 166.55862pt.
 [131 <./Figures/facecensor.png>]
<Figures/prototype-elements.png, id=2390, 575.14874pt x 434.62375pt>
File: Figures/prototype-elements.png Graphic file (type png)
<use Figures/prototype-elements.png>
Package pdftex.def Info: Figures/prototype-elements.png  used on input line 533
.
(pdftex.def)             Requested size: 298.75264pt x 225.76689pt.
<Figures/terminal-tools.png, id=2392, 635.37375pt x 333.245pt>
File: Figures/terminal-tools.png Graphic file (type png)
<use Figures/terminal-tools.png>
Package pdftex.def Info: Figures/terminal-tools.png  used on input line 544.
(pdftex.def)             Requested size: 256.07741pt x 134.3126pt.


LaTeX Warning: `!h' float specifier changed to `!ht'.

[132 <./Figures/prototype-elements.png>]
<Figures/edge-server.png, id=2403, 508.90125pt x 566.115pt>
File: Figures/edge-server.png Graphic file (type png)
<use Figures/edge-server.png>
Package pdftex.def Info: Figures/edge-server.png  used on input line 555.
(pdftex.def)             Requested size: 170.71393pt x 189.90236pt.
 [133 <./Figures/terminal-tools.png> <./Figures/edge-server.png>] [134] [135]
<Figures/experimental-setup.png, id=2438, 362.35374pt x 482.80376pt>
File: Figures/experimental-setup.png Graphic file (type png)
<use Figures/experimental-setup.png>
Package pdftex.def Info: Figures/experimental-setup.png  used on input line 649
.
(pdftex.def)             Requested size: 149.37958pt x 199.03377pt.


LaTeX Warning: `!h' float specifier changed to `!ht'.

[136] [137 <./Figures/experimental-setup.png>]
<Figures/server-algorithm.png, id=2452, 501.875pt x 813.0375pt>
File: Figures/server-algorithm.png Graphic file (type png)
<use Figures/server-algorithm.png>
Package pdftex.def Info: Figures/server-algorithm.png  used on input line 674.
(pdftex.def)             Requested size: 170.71393pt x 276.55315pt.
 [138 <./Figures/server-algorithm.png>]
<Figures/card-gen.png, id=2459, 493.845pt x 645.41125pt>
File: Figures/card-gen.png Graphic file (type png)
<use Figures/card-gen.png>
Package pdftex.def Info: Figures/card-gen.png  used on input line 685.
(pdftex.def)             Requested size: 170.71393pt x 223.10043pt.
 [139 <./Figures/card-gen.png>]
<Figures/qf-s2.png, id=2468, 602.25pt x 376.40625pt>
File: Figures/qf-s2.png Graphic file (type png)
<use Figures/qf-s2.png>
Package pdftex.def Info: Figures/qf-s2.png  used on input line 735.
(pdftex.def)             Requested size: 298.75264pt x 186.72658pt.
 [140]
<Figures/qf-s3.png, id=2476, 602.25pt x 376.40625pt>
File: Figures/qf-s3.png Graphic file (type png)
<use Figures/qf-s3.png>
Package pdftex.def Info: Figures/qf-s3.png  used on input line 755.
(pdftex.def)             Requested size: 298.75264pt x 186.72658pt.


LaTeX Warning: `!h' float specifier changed to `!ht'.

[141 <./Figures/qf-s2.png (PNG copy)>]
<Figures/server-t1-times.png, id=2483, 752.8125pt x 451.6875pt>
File: Figures/server-t1-times.png Graphic file (type png)
<use Figures/server-t1-times.png>
Package pdftex.def Info: Figures/server-t1-times.png  used on input line 766.
(pdftex.def)             Requested size: 298.75264pt x 179.252pt.
<Figures/server-t2-times.png, id=2484, 752.8125pt x 451.6875pt>
File: Figures/server-t2-times.png Graphic file (type png)
<use Figures/server-t2-times.png>
Package pdftex.def Info: Figures/server-t2-times.png  used on input line 767.
(pdftex.def)             Requested size: 298.75264pt x 179.252pt.


LaTeX Warning: `!h' float specifier changed to `!ht'.

[142 <./Figures/qf-s3.png (PNG copy)>]
File: Figures/simplified-codesign.png Graphic file (type png)
<use Figures/simplified-codesign.png>
Package pdftex.def Info: Figures/simplified-codesign.png  used on input line 78
7.
(pdftex.def)             Requested size: 341.43437pt x 136.9121pt.
 [143 <./Figures/server-t1-times.png (PNG copy)> <./Figures/server-t2-times.png
 (PNG copy)>]
<Figures/layers.png, id=2498, 503.8825pt x 506.89375pt>
File: Figures/layers.png Graphic file (type png)
<use Figures/layers.png>
Package pdftex.def Info: Figures/layers.png  used on input line 810.
(pdftex.def)             Requested size: 192.0548pt x 193.20172pt.


LaTeX Warning: `!h' float specifier changed to `!ht'.

<Figures/wearable.png, id=2500, 243.91125pt x 283.0575pt>
File: Figures/wearable.png Graphic file (type png)
<use Figures/wearable.png>
Package pdftex.def Info: Figures/wearable.png  used on input line 819.
(pdftex.def)             Requested size: 128.0387pt x 148.59012pt.

LaTeX Warning: `!h' float specifier changed to `!ht'.

[144]
<Figures/jetson.jpeg, id=2508, 1004.75375pt x 1284.8pt>
File: Figures/jetson.jpeg Graphic file (type jpg)
<use Figures/jetson.jpeg>
Package pdftex.def Info: Figures/jetson.jpeg  used on input line 828.
(pdftex.def)             Requested size: 170.71393pt x 218.29549pt.


LaTeX Warning: `!h' float specifier changed to `!ht'.

[145 <./Figures/layers.png> <./Figures/wearable.png>]

LaTeX Warning: `!h' float specifier changed to `!ht'.

<Figures/lstm.png, id=2519, 753.81625pt x 472.76625pt>
File: Figures/lstm.png Graphic file (type png)
<use Figures/lstm.png>
Package pdftex.def Info: Figures/lstm.png  used on input line 878.
(pdftex.def)             Requested size: 298.75264pt x 187.36461pt.

LaTeX Warning: `!h' float specifier changed to `!ht'.

<Figures/training.png, id=2521, 800.9925pt x 804.00375pt>
File: Figures/training.png Graphic file (type png)
<use Figures/training.png>
Package pdftex.def Info: Figures/training.png  used on input line 887.
(pdftex.def)             Requested size: 213.39568pt x 214.18864pt.

LaTeX Warning: `!h' float specifier changed to `!ht'.

[146 <./Figures/jetson.jpeg>] [147 <./Figures/lstm.png>] [148 <./Figures/traini
ng.png>] [149]
<Figures/validation.png, id=2558, 1411.2725pt x 1125.20375pt>
File: Figures/validation.png Graphic file (type png)
<use Figures/validation.png>
Package pdftex.def Info: Figures/validation.png  used on input line 1000.
(pdftex.def)             Requested size: 426.79135pt x 340.27647pt.


LaTeX Warning: `!h' float specifier changed to `!ht'.

[150]

LaTeX Warning: `!h' float specifier changed to `!ht'.

<Figures/test.png, id=2570, 1411.2725pt x 1129.21875pt>
File: Figures/test.png Graphic file (type png)
<use Figures/test.png>
Package pdftex.def Info: Figures/test.png  used on input line 1042.
(pdftex.def)             Requested size: 426.79135pt x 341.49065pt.

LaTeX Warning: `!h' float specifier changed to `!ht'.

[151 <./Figures/validation.png>]
<Figures/cloudlet-times.png, id=2579, 301.125pt x 376.40625pt>
File: Figures/cloudlet-times.png Graphic file (type png)
<use Figures/cloudlet-times.png>
Package pdftex.def Info: Figures/cloudlet-times.png  used on input line 1057.
(pdftex.def)             Requested size: 170.71393pt x 213.39934pt.


LaTeX Warning: `!h' float specifier changed to `!ht'.

<Figures/mobileedge-times.png, id=2581, 301.125pt x 376.40625pt>
File: Figures/mobileedge-times.png Graphic file (type png)
<use Figures/mobileedge-times.png>
Package pdftex.def Info: Figures/mobileedge-times.png  used on input line 1066.

(pdftex.def)             Requested size: 170.71393pt x 213.39934pt.

LaTeX Warning: `!h' float specifier changed to `!ht'.

<Figures/time-compare.png, id=2583, 301.125pt x 451.6875pt>
File: Figures/time-compare.png Graphic file (type png)
<use Figures/time-compare.png>
Package pdftex.def Info: Figures/time-compare.png  used on input line 1075.
(pdftex.def)             Requested size: 170.71393pt x 256.07921pt.

LaTeX Warning: `!h' float specifier changed to `!ht'.

[152] [153 <./Figures/test.png> <./Figures/cloudlet-times.png>] [154 <./Figures
/mobileedge-times.png> <./Figures/time-compare.png>])
\openout2 = `chap06.aux'.

 (./chap06.tex
Chapter 6.
[155





]
File: Figures/codesign-2.0.png Graphic file (type png)
<use Figures/codesign-2.0.png>
Package pdftex.def Info: Figures/codesign-2.0.png  used on input line 20.
(pdftex.def)             Requested size: 157.9107pt x 358.92714pt.
 [156] [157]) [158] [159] (./main.bbl [160




] [161] [162]
LaTeX Font Info:    Trying to load font information for OML+cmr on input line 3
20.

(/usr/share/texlive/texmf-dist/tex/latex/base/omlcmr.fd
File: omlcmr.fd 2019/12/16 v2.5j Standard LaTeX font definitions
)
LaTeX Font Info:    Font shape `OML/cmr/m/n' in size <12> not available
(Font)              Font shape `OML/cmm/m/it' tried instead on input line 320.
 [163] [164] [165]
[166] [167] [168] [169] [170] [171] [172] [173] [174] [175]
Underfull \hbox (badness 1205) in paragraph at lines 1263--1266
[]\OT1/cmr/m/n/12 OKTAY, O., SCHLEM-PER, J., FOL-GOC, L. L., et al.  ``At-ten-t
ion
 []


Underfull \hbox (badness 1303) in paragraph at lines 1263--1266
\OT1/cmr/m/n/12 u-net: Learn-ing where to look for the pan-creas'', \OT1/cmr/m/
it/12 arXiv preprint
 []

[176] [177] [178] [179]
Underfull \hbox (badness 10000) in paragraph at lines 1547--1550
[]\OT1/cmr/m/n/12 ``DHT22.pdf''. []$\OT1/cmtt/m/n/12 https : / / www . sparkfun
 . com / datasheets / Sensors /
 []


Underfull \hbox (badness 2050) in paragraph at lines 1552--1555
[]\OT1/cmr/m/n/12 ``MPU-6000-Datasheet1.pdf''. []$\OT1/cmtt/m/n/12 https : / / 
invensense . tdk . com / wp-[]content /
 []


Underfull \hbox (badness 10000) in paragraph at lines 1552--1555
\OT1/cmtt/m/n/12 uploads / 2015 / 02 / MPU-[]6000-[]Datasheet1 . pdf$[]\OT1/cmr
/m/n/12 .  (Ac-cessed on
 []


Underfull \hbox (badness 10000) in paragraph at lines 1562--1565
[]\OT1/cmr/m/n/12 ``max30100.pdf''. []$\OT1/cmtt/m/n/12 https : / / www . analo
g . com / media / en /
 []

[180]
Underfull \hbox (badness 10000) in paragraph at lines 1567--1570
[]\OT1/cmr/m/n/12 ``GlobalTop-FGPMMOPA6H-Datasheet-V0A-Preliminary''.
 []


Underfull \hbox (badness 10000) in paragraph at lines 1567--1570
[]$\OT1/cmtt/m/n/12 https : / / cdn-[]shop . adafruit . com / datasheets /
 []


Underfull \hbox (badness 10000) in paragraph at lines 1567--1570
\OT1/cmtt/m/n/12 GlobalTop-[]FGPMMOPA6H-[]Datasheet-[]V0A . pdf$[]\OT1/cmr/m/n/
12 .  (Ac-cessed on
 []


Underfull \hbox (badness 10000) in paragraph at lines 1572--1575
[]\OT1/cmr/m/n/12 ``Document:''. []$\OT1/cmtt/m/n/12 https : / / cdn-[]shop . a
dafruit . com / datasheets / TSL2561 .
 []

[181] [182] [183]
Underfull \hbox (badness 1796) in paragraph at lines 1795--1803
\OT1/cmr/m/n/12 pulse oxime-try mon-i-tor-ing in COVID-19 pa-tients dis-charged
 from
 []


Underfull \hbox (badness 1137) in paragraph at lines 1795--1803
\OT1/cmr/m/it/12 demic Emer-gency Medicine\OT1/cmr/m/n/12 , v. n/a, n. n/a.  do
i: $10 . 1111 / acem .
 []

) AED: lastpage setting LastPage 
[184] (./main.aux (./dedic.aux) (./thanks.aux) (./resumo.aux) (./abstract.aux)
(./chap01.aux) (./chap02.aux) (./chap03.aux) (./chap04.aux) (./chap05.aux)
(./chap06.aux))

LaTeX Warning: There were multiply-defined labels.

Package rerunfilecheck Info: File `main.out' has not changed.
(rerunfilecheck)             Checksum: B77EFBD8977257E8A4ACEDCAFA51D415;12760.
 ) 
Here is how much of TeX's memory you used:
 20440 strings out of 480113
 345155 string characters out of 5892772
 704519 words of memory out of 5000000
 37109 multiletter control sequences out of 15000+600000
 479400 words of font info for 67 fonts, out of 8000000 for 9000
 83 hyphenation exceptions out of 8191
 110i,17n,131p,1215b,982s stack positions out of 5000i,500n,10000p,200000b,80000s
 </home/mateus/.texlive2021/texmf-var/fonts/pk/ljfour/jknappen/ec/tcrm1200.60
0pk></usr/share/texlive/texmf-dist/fonts/type1/public/amsfonts/cm/cmbx12.pfb></
usr/share/texlive/texmf-dist/fonts/type1/public/amsfonts/cm/cmex10.pfb></usr/sh
are/texlive/texmf-dist/fonts/type1/public/amsfonts/cm/cmmi12.pfb></usr/share/te
xlive/texmf-dist/fonts/type1/public/amsfonts/cm/cmmi6.pfb></usr/share/texlive/t
exmf-dist/fonts/type1/public/amsfonts/cm/cmmi8.pfb></usr/share/texlive/texmf-di
st/fonts/type1/public/amsfonts/cm/cmr10.pfb></usr/share/texlive/texmf-dist/font
s/type1/public/amsfonts/cm/cmr12.pfb></usr/share/texlive/texmf-dist/fonts/type1
/public/amsfonts/cm/cmr6.pfb></usr/share/texlive/texmf-dist/fonts/type1/public/
amsfonts/cm/cmr7.pfb></usr/share/texlive/texmf-dist/fonts/type1/public/amsfonts
/cm/cmr8.pfb></usr/share/texlive/texmf-dist/fonts/type1/public/amsfonts/cm/cmsl
12.pfb></usr/share/texlive/texmf-dist/fonts/type1/public/amsfonts/cm/cmsy10.pfb
></usr/share/texlive/texmf-dist/fonts/type1/public/amsfonts/cm/cmsy6.pfb></usr/
share/texlive/texmf-dist/fonts/type1/public/amsfonts/cm/cmsy8.pfb></usr/share/t
exlive/texmf-dist/fonts/type1/public/amsfonts/cm/cmti12.pfb></usr/share/texlive
/texmf-dist/fonts/type1/public/amsfonts/cm/cmtt10.pfb></usr/share/texlive/texmf
-dist/fonts/type1/public/amsfonts/cm/cmtt12.pfb></usr/share/texlive/texmf-dist/
fonts/type1/public/amsfonts/symbols/msbm10.pfb>
Output written on main.pdf (203 pages, 41257251 bytes).
PDF statistics:
 3032 PDF objects out of 3580 (max. 8388607)
 2541 compressed objects within 26 object streams
 799 named destinations out of 1000 (max. 500000)
 1257 words of extra memory for PDF output out of 10000 (max. 10000000)

