\BOOKMARK [0][-]{chapter*.3}{\376\377\000L\000i\000s\000t\000\040\000o\000f\000\040\000F\000i\000g\000u\000r\000e\000s}{}% 1
\BOOKMARK [0][-]{chapter*.4}{\376\377\000L\000i\000s\000t\000\040\000o\000f\000\040\000T\000a\000b\000l\000e\000s}{}% 2
\BOOKMARK [0][-]{chapter*.5}{\376\377\000L\000i\000s\000t\000\040\000o\000f\000\040\000A\000b\000b\000r\000e\000v\000i\000a\000t\000i\000o\000n\000s}{}% 3
\BOOKMARK [0][-]{chapter.1}{\376\377\000I\000n\000t\000r\000o\000d\000u\000c\000t\000i\000o\000n}{}% 4
\BOOKMARK [1][-]{section.1.1}{\376\377\000W\000e\000a\000r\000a\000b\000l\000e\000\040\000C\000o\000m\000p\000u\000t\000i\000n\000g}{chapter.1}% 5
\BOOKMARK [1][-]{section.1.2}{\376\377\000E\000d\000g\000e\000\040\000C\000o\000m\000p\000u\000t\000i\000n\000g}{chapter.1}% 6
\BOOKMARK [1][-]{section.1.3}{\376\377\000A\000r\000t\000i\000f\000i\000c\000i\000a\000l\000\040\000I\000n\000t\000e\000l\000l\000i\000g\000e\000n\000c\000e\000\040\000\050\000A\000I\000\051}{chapter.1}% 7
\BOOKMARK [1][-]{section.1.4}{\376\377\000S\000t\000a\000k\000e\000h\000o\000l\000d\000e\000r\000s}{chapter.1}% 8
\BOOKMARK [1][-]{section.1.5}{\376\377\000O\000b\000j\000e\000c\000t\000i\000v\000e\000s}{chapter.1}% 9
\BOOKMARK [1][-]{section.1.6}{\376\377\000T\000e\000x\000t\000\040\000O\000r\000g\000a\000n\000i\000z\000a\000t\000i\000o\000n}{chapter.1}% 10
\BOOKMARK [1][-]{section.1.7}{\376\377\000C\000o\000n\000t\000r\000i\000b\000u\000t\000i\000o\000n\000s}{chapter.1}% 11
\BOOKMARK [0][-]{chapter.2}{\376\377\000E\000d\000g\000e\000\040\000A\000I}{}% 12
\BOOKMARK [1][-]{section.2.1}{\376\377\000D\000e\000f\000i\000n\000i\000n\000g\000\040\000E\000d\000g\000e\000\040\000A\000I}{chapter.2}% 13
\BOOKMARK [1][-]{section.2.2}{\376\377\000M\000a\000p\000p\000i\000n\000g\000\040\000E\000d\000g\000e\000\040\000A\000I\000\040\000a\000p\000p\000l\000i\000c\000a\000t\000i\000o\000n\000s}{chapter.2}% 14
\BOOKMARK [2][-]{subsection.2.2.1}{\376\377\000A\000p\000p\000l\000i\000c\000a\000t\000i\000o\000n\000s\000\040\000O\000v\000e\000r\000v\000i\000e\000w}{section.2.2}% 15
\BOOKMARK [2][-]{subsection.2.2.2}{\376\377\000P\000r\000e\000l\000i\000m\000i\000n\000a\000r\000y\000\040\000A\000n\000a\000l\000y\000s\000e\000s}{section.2.2}% 16
\BOOKMARK [1][-]{section.2.3}{\376\377\000E\000d\000g\000e\000\040\000C\000o\000m\000p\000u\000t\000i\000n\000g\000\040\000a\000n\000d\000\040\000A\000I\000\040\000t\000a\000x\000o\000n\000o\000m\000i\000e\000s\000\040\000a\000n\000a\000l\000y\000s\000i\000s}{chapter.2}% 17
\BOOKMARK [2][-]{subsection.2.3.1}{\376\377\000E\000d\000g\000e\000\040\000C\000o\000m\000p\000u\000t\000i\000n\000g\000\040\000T\000a\000x\000o\000n\000o\000m\000i\000e\000s}{section.2.3}% 18
\BOOKMARK [2][-]{subsection.2.3.2}{\376\377\000A\000I\000\040\000A\000l\000g\000o\000r\000i\000t\000h\000m\000s\000\040\000T\000a\000x\000o\000n\000o\000m\000i\000e\000s}{section.2.3}% 19
\BOOKMARK [1][-]{section.2.4}{\376\377\000E\000d\000g\000e\000\040\000A\000I\000\040\000T\000a\000x\000o\000n\000o\000m\000y}{chapter.2}% 20
\BOOKMARK [1][-]{section.2.5}{\376\377\000F\000i\000n\000a\000l\000\040\000R\000e\000m\000a\000r\000k\000s}{chapter.2}% 21
\BOOKMARK [0][-]{chapter.3}{\376\377\000W\000e\000a\000r\000a\000b\000l\000e\000\040\000E\000d\000g\000e\000\040\000A\000I}{}% 22
\BOOKMARK [1][-]{section.3.1}{\376\377\000C\000o\000o\000p\000e\000r\000a\000t\000i\000v\000e\000\040\000W\000e\000a\000r\000a\000b\000l\000e\000\040\000S\000y\000s\000t\000e\000m\000s}{chapter.3}% 23
\BOOKMARK [1][-]{section.3.2}{\376\377\000W\000e\000a\000r\000a\000b\000l\000e\000\040\000E\000d\000g\000e\000\040\000A\000I}{chapter.3}% 24
\BOOKMARK [2][-]{subsection.3.2.1}{\376\377\000R\000e\000t\000h\000i\000n\000k\000i\000n\000g\000\040\000t\000h\000e\000\040\000h\000a\000r\000d\000w\000a\000r\000e\000/\000s\000o\000f\000t\000w\000a\000r\000e\000\040\000c\000o\000-\000d\000e\000s\000i\000g\000n\000\040\000f\000o\000r\000\040\000E\000d\000g\000e\000\040\000A\000I\000\040\000s\000o\000l\000u\000t\000i\000o\000n\000s}{section.3.2}% 25
\BOOKMARK [0][-]{chapter.4}{\376\377\000C\000a\000s\000e\000\040\000S\000t\000u\000d\000y\000\040\000-\000\040\000W\000e\000a\000r\000a\000b\000l\000e\000\040\000E\000d\000g\000e\000\040\000A\000I\000\040\000t\000o\000w\000a\000r\000d\000s\000\040\000e\000n\000v\000i\000r\000o\000n\000m\000e\000n\000t\000a\000l\000\040\000s\000t\000u\000d\000i\000e\000s}{}% 26
\BOOKMARK [1][-]{section.4.1}{\376\377\000L\000e\000a\000f\000\040\000d\000a\000m\000a\000g\000e\000\040\000e\000s\000t\000i\000m\000a\000t\000i\000o\000n}{chapter.4}% 27
\BOOKMARK [2][-]{subsection.4.1.1}{\376\377\000R\000e\000q\000u\000i\000r\000e\000m\000e\000n\000t\000s}{section.4.1}% 28
\BOOKMARK [2][-]{subsection.4.1.2}{\376\377\000M\000e\000t\000h\000o\000d\000\040\000o\000v\000e\000r\000v\000i\000e\000w}{section.4.1}% 29
\BOOKMARK [2][-]{subsection.4.1.3}{\376\377\000D\000a\000t\000a\000s\000e\000t\000s\000\040\000D\000e\000s\000c\000r\000i\000p\000t\000i\000o\000n}{section.4.1}% 30
\BOOKMARK [2][-]{subsection.4.1.4}{\376\377\000P\000r\000e\000p\000r\000o\000c\000e\000s\000s\000i\000n\000g}{section.4.1}% 31
\BOOKMARK [2][-]{subsection.4.1.5}{\376\377\000S\000y\000n\000t\000h\000e\000t\000i\000c\000\040\000D\000a\000t\000a\000s\000e\000t\000\040\000G\000e\000n\000e\000r\000a\000t\000i\000o\000n}{section.4.1}% 32
\BOOKMARK [2][-]{subsection.4.1.6}{\376\377\000C\000o\000n\000d\000i\000t\000i\000o\000n\000a\000l\000\040\000G\000A\000N\000\040\000A\000r\000c\000h\000i\000t\000e\000c\000t\000u\000r\000e}{section.4.1}% 33
\BOOKMARK [2][-]{subsection.4.1.7}{\376\377\000D\000a\000m\000a\000g\000e\000\040\000E\000s\000t\000i\000m\000a\000t\000i\000o\000n}{section.4.1}% 34
\BOOKMARK [2][-]{subsection.4.1.8}{\376\377\000E\000v\000a\000l\000u\000a\000t\000i\000o\000n\000\040\000M\000e\000t\000h\000o\000d\000s}{section.4.1}% 35
\BOOKMARK [2][-]{subsection.4.1.9}{\376\377\000A\000\040\000B\000r\000o\000a\000d\000e\000r\000\040\000E\000v\000a\000l\000u\000a\000t\000i\000o\000n\000\040\000o\000n\000\040\000t\000h\000e\000\040\000D\000a\000m\000a\000g\000e\000\040\000E\000s\000t\000i\000m\000a\000t\000i\000o\000n\000\040\000R\000e\000s\000u\000l\000t\000s}{section.4.1}% 36
\BOOKMARK [2][-]{subsection.4.1.10}{\376\377\000T\000e\000c\000h\000n\000i\000c\000a\000l\000\040\000E\000v\000a\000l\000u\000a\000t\000i\000o\000n\000:\000\040\000H\000o\000w\000\040\000t\000o\000\040\000e\000m\000b\000e\000d\000\040\000t\000h\000i\000s\000\040\000s\000o\000l\000u\000t\000i\000o\000n\000?}{section.4.1}% 37
\BOOKMARK [1][-]{section.4.2}{\376\377\000E\000v\000a\000l\000u\000a\000t\000i\000n\000g\000\040\000a\000n\000d\000\040\000m\000a\000p\000p\000i\000n\000g\000\040\000d\000i\000s\000e\000a\000s\000e\000s\000\040\000i\000n\000\040\000f\000o\000r\000e\000s\000t\000\040\000c\000a\000n\000o\000p\000i\000e\000s}{chapter.4}% 38
\BOOKMARK [2][-]{subsection.4.2.1}{\376\377\000R\000e\000q\000u\000i\000r\000e\000m\000e\000n\000t\000s}{section.4.2}% 39
\BOOKMARK [2][-]{subsection.4.2.2}{\376\377\000G\000e\000n\000e\000r\000a\000l\000\040\000A\000r\000c\000h\000i\000t\000e\000c\000t\000u\000r\000e\000\040\000P\000r\000o\000p\000o\000s\000a\000l}{section.4.2}% 40
\BOOKMARK [2][-]{subsection.4.2.3}{\376\377\000V\000a\000l\000i\000d\000a\000t\000i\000o\000n\000\040\000T\000e\000s\000t\000s}{section.4.2}% 41
\BOOKMARK [2][-]{subsection.4.2.4}{\376\377\000R\000e\000s\000u\000l\000t\000s}{section.4.2}% 42
\BOOKMARK [1][-]{section.4.3}{\376\377\000A\000n\000t\000\040\000d\000i\000s\000t\000r\000i\000b\000u\000t\000i\000o\000n\000\040\000a\000n\000d\000\040\000c\000o\000u\000n\000t\000i\000n\000g\000\040\000e\000s\000t\000i\000m\000a\000t\000i\000o\000n}{chapter.4}% 43
\BOOKMARK [2][-]{subsection.4.3.1}{\376\377\000R\000e\000q\000u\000i\000r\000e\000m\000e\000n\000t\000s}{section.4.3}% 44
\BOOKMARK [2][-]{subsection.4.3.2}{\376\377\000M\000e\000t\000h\000o\000d\000s\000\040\000o\000v\000e\000r\000v\000i\000e\000w}{section.4.3}% 45
\BOOKMARK [2][-]{subsection.4.3.3}{\376\377\000E\000x\000p\000e\000r\000i\000m\000e\000n\000t\000a\000l\000\040\000R\000e\000s\000u\000l\000t\000s}{section.4.3}% 46
\BOOKMARK [0][-]{chapter.5}{\376\377\000W\000e\000a\000r\000a\000b\000l\000e\000\040\000E\000d\000g\000e\000\040\000A\000I\000\040\000t\000o\000w\000a\000r\000d\000s\000\040\000h\000e\000a\000l\000t\000h\000c\000a\000r\000e\000\040\000a\000p\000p\000l\000i\000c\000a\000t\000i\000o\000n\000s}{}% 47
\BOOKMARK [1][-]{section.5.1}{\376\377\000P\000h\000y\000s\000i\000c\000a\000l\000\040\000c\000o\000n\000d\000i\000t\000i\000o\000n\000\040\000m\000o\000n\000i\000t\000o\000r\000i\000n\000g\000\040\000i\000n\000\040\000f\000i\000e\000l\000d}{chapter.5}% 48
\BOOKMARK [2][-]{subsection.5.1.1}{\376\377\000R\000e\000q\000u\000i\000r\000e\000m\000e\000n\000t\000s}{section.5.1}% 49
\BOOKMARK [2][-]{subsection.5.1.2}{\376\377\000C\000o\000n\000t\000e\000x\000t\000\040\000O\000v\000e\000r\000v\000i\000e\000w}{section.5.1}% 50
\BOOKMARK [2][-]{subsection.5.1.3}{\376\377\000W\000e\000a\000r\000a\000b\000l\000e\000\040\000c\000o\000m\000p\000u\000t\000i\000n\000g\000\040\000r\000e\000q\000u\000i\000r\000e\000m\000e\000n\000t\000s}{section.5.1}% 51
\BOOKMARK [2][-]{subsection.5.1.4}{\376\377\000D\000e\000v\000i\000c\000e\000\040\000A\000r\000c\000h\000i\000t\000e\000c\000t\000u\000r\000e\000\040\000D\000e\000s\000c\000r\000i\000p\000t\000i\000o\000n}{section.5.1}% 52
\BOOKMARK [2][-]{subsection.5.1.5}{\376\377\000S\000y\000s\000t\000e\000m\000\040\000A\000r\000c\000h\000i\000t\000e\000c\000t\000u\000r\000e}{section.5.1}% 53
\BOOKMARK [2][-]{subsection.5.1.6}{\376\377\000E\000v\000a\000l\000u\000a\000t\000i\000o\000n\000\040\000M\000e\000t\000h\000o\000d\000s}{section.5.1}% 54
\BOOKMARK [2][-]{subsection.5.1.7}{\376\377\000R\000e\000s\000u\000l\000t\000s}{section.5.1}% 55
\BOOKMARK [1][-]{section.5.2}{\376\377\000S\000m\000a\000r\000t\000\040\000w\000e\000a\000r\000a\000b\000l\000e\000\040\000s\000y\000s\000t\000e\000m\000s\000\040\000i\000n\000\040\000t\000h\000e\000\040\000c\000o\000n\000t\000e\000x\000t\000\040\000o\000f\000\040\000C\000O\000V\000I\000D\000-\0001\0009}{chapter.5}% 56
\BOOKMARK [2][-]{subsection.5.2.1}{\376\377\000R\000e\000q\000u\000i\000r\000e\000m\000e\000n\000t\000s}{section.5.2}% 57
\BOOKMARK [2][-]{subsection.5.2.2}{\376\377\000A\000r\000c\000h\000i\000t\000e\000c\000t\000u\000r\000e\000\040\000P\000r\000o\000p\000o\000s\000a\000l}{section.5.2}% 58
\BOOKMARK [2][-]{subsection.5.2.3}{\376\377\000P\000r\000o\000t\000o\000t\000y\000p\000i\000n\000g\000\040\000a\000n\000d\000\040\000V\000a\000l\000i\000d\000a\000t\000i\000o\000n\000\040\000T\000e\000s\000t\000s}{section.5.2}% 59
\BOOKMARK [2][-]{subsection.5.2.4}{\376\377\000V\000a\000l\000i\000d\000a\000t\000i\000o\000n\000\040\000T\000e\000s\000t\000s\000\040\000R\000e\000s\000u\000l\000t\000s}{section.5.2}% 60
\BOOKMARK [2][-]{subsection.5.2.5}{\376\377\000E\000d\000g\000e\000\040\000C\000o\000m\000p\000u\000t\000i\000n\000g\000\040\000-\000\040\000A\000r\000c\000h\000i\000t\000e\000c\000t\000u\000r\000e\000\040\000P\000r\000o\000p\000o\000s\000a\000l}{section.5.2}% 61
\BOOKMARK [2][-]{subsection.5.2.6}{\376\377\000E\000x\000p\000e\000r\000i\000m\000e\000n\000t\000a\000l\000\040\000T\000e\000s\000t\000s}{section.5.2}% 62
\BOOKMARK [2][-]{subsection.5.2.7}{\376\377\000R\000e\000s\000u\000l\000t\000s}{section.5.2}% 63
\BOOKMARK [1][-]{section.5.3}{\376\377\000W\000e\000a\000r\000a\000b\000l\000e\000-\000b\000a\000s\000e\000d\000\040\000h\000u\000m\000a\000n\000\040\000a\000c\000t\000i\000v\000i\000t\000y\000\040\000r\000e\000c\000o\000g\000n\000i\000t\000i\000o\000n}{chapter.5}% 64
\BOOKMARK [2][-]{subsection.5.3.1}{\376\377\000R\000e\000q\000u\000i\000r\000e\000m\000e\000n\000t\000s}{section.5.3}% 65
\BOOKMARK [2][-]{subsection.5.3.2}{\376\377\000E\000v\000a\000l\000u\000a\000t\000i\000o\000n\000\040\000T\000e\000s\000t\000s}{section.5.3}% 66
\BOOKMARK [2][-]{subsection.5.3.3}{\376\377\000R\000e\000s\000u\000l\000t\000s\000\040\000a\000n\000d\000\040\000D\000i\000s\000c\000u\000s\000s\000i\000o\000n}{section.5.3}% 67
\BOOKMARK [0][-]{chapter.6}{\376\377\000C\000o\000n\000c\000l\000u\000s\000i\000o\000n\000s\000\040\000a\000n\000d\000\040\000F\000i\000n\000a\000l\000\040\000R\000e\000m\000a\000r\000k\000s}{}% 68
\BOOKMARK [1][-]{section.6.1}{\376\377\000T\000h\000e\000o\000r\000e\000t\000i\000c\000a\000l\000\040\000B\000a\000c\000k\000b\000o\000n\000e}{chapter.6}% 69
\BOOKMARK [1][-]{section.6.2}{\376\377\000L\000e\000s\000s\000o\000n\000s\000\040\000l\000e\000a\000r\000n\000e\000d}{chapter.6}% 70
\BOOKMARK [1][-]{section.6.3}{\376\377\000F\000u\000t\000u\000r\000e\000\040\000W\000o\000r\000k\000s}{chapter.6}% 71
\BOOKMARK [0][-]{chapter*.202}{\376\377\000B\000i\000b\000l\000i\000o\000g\000r\000a\000p\000h\000y}{}% 72
