This is pdfTeX, Version 3.141592653-2.6-1.40.22 (TeX Live 2022/dev/Debian) (preloaded format=latex 2023.12.11)  11 DEC 2023 21:50
entering extended mode
 restricted \write18 enabled.
 %&-line parsing enabled.
**multirow.ins
(./multirow.ins
LaTeX2e <2021-11-15> patch level 1
L3 programming layer <2022-01-21>
(/usr/share/texlive/texmf-dist/tex/latex/base/docstrip.tex
\blockLevel=\count185
\emptyLines=\count186
\processedLines=\count187
\commentsRemoved=\count188
\commentsPassed=\count189
\codeLinesPassed=\count190
\TotalprocessedLines=\count191
\TotalcommentsRemoved=\count192
\TotalcommentsPassed=\count193
\TotalcodeLinesPassed=\count194
\NumberOfFiles=\count195
\inFile=\read2
\inputcheck=\read3
\off@0=\count196
\off@1=\count197
\off@2=\count198
\off@3=\count199
\off@4=\count266
\off@5=\count267
\off@6=\count268
\off@7=\count269
\off@8=\count270
\off@9=\count271
\off@10=\count272
\off@11=\count273
\off@12=\count274
\off@13=\count275
\off@14=\count276
\off@15=\count277
\@maxfiles=\count278
\@maxoutfiles=\count279

Utility: `docstrip' v2.6a <2020-11-23>
English documentation    <2020-11-23>

**********************************************************
* This program converts documented macro-files into fast *
* loadable files by stripping off (nearly) all comments! *
**********************************************************

********************************************************
* No Configuration file found, using default settings. *
********************************************************

)

Generating file(s) ./multirow.sty 
\openout0 = `./multirow.sty'.


Processing file multirow.dtx (multirow) -> multirow.sty
File multirow.dtx ended by \endinput.
Lines  processed: 2299
Comments removed: 2070
Comments  passed: 3
Codelines passed: 206


Generating file(s) ./bigstrut.sty 
\openout0 = `./bigstrut.sty'.


Processing file multirow.dtx (bigstrut) -> bigstrut.sty
File multirow.dtx ended by \endinput.
Lines  processed: 2299
Comments removed: 2070
Comments  passed: 3
Codelines passed: 206


Generating file(s) ./bigdelim.sty 
\openout0 = `./bigdelim.sty'.


Processing file multirow.dtx (bigdelim) -> bigdelim.sty
File multirow.dtx ended by \endinput.
Lines  processed: 2299
Comments removed: 2070
Comments  passed: 3
Codelines passed: 206

*************************************************************
*                                                           *
* To finish the installation you have to move the following *
* file into a directory searched by TeX:                    *
*                                                           *
*     multirow.sty                                          *
*     bigstrut.sty                                          *
*     bigdelim.sty                                          *
*                                                           *
* To produce the documentation run the file multirow.dtx    *
* through LaTeX.                                            *
*                                                           *
* Happy TeXing!                                             *
*                                                           *
*************************************************************
Overall statistics:
Files  processed: 3
Lines  processed: 6897
Comments removed: 6210
Comments  passed: 9
Codelines passed: 618
 ) 
Here is how much of TeX's memory you used:
 351 strings out of 480187
 3783 string characters out of 5894380
 292032 words of memory out of 5000000
 18400 multiletter control sequences out of 15000+600000
 469259 words of font info for 28 fonts, out of 8000000 for 9000
 38 hyphenation exceptions out of 8191
 13i,0n,15p,230b,124s stack positions out of 5000i,500n,10000p,200000b,80000s

No pages of output.
